2026-02-24 03:59:51 +0000  App Store Connect applications response: <DVTITunesConnectApplicationsResponse: 0x7c74c9aa0; isSuccessful='1', errors='(null)', warnings='(null)', infoMessages='(null)', applications='(
    "<DVTITunesConnectApplicationDescription: 0x7c742f540; adamID='1190742414', name='ACCv4', displayableDescription='ACCv4 1.0 (iOS App)', platformIdentifier='com.apple.platform.iphoneos', bundleIdentifier='baker.ACCv4', didOptInToMacAppStore='1', didOptInToXROSAppStore='1'>",
    "<DVTITunesConnectApplicationDescription: 0x7c742f140; adamID='6758288798', name='CreoleTranslator', displayableDescription='CreoleTranslator 1.2 (iOS App)', platformIdentifier='com.apple.platform.iphoneos', bundleIdentifier='com.jbaker.CreoleTranslator', didOptInToMacAppStore='1', didOptInToXROSAppStore='1'>",
    "<DVTITunesConnectApplicationDescription: 0x7c742f400; adamID='6759270416', name='GoogleAdMobMonitor', displayableDescription='GoogleAdMobMonitor 1.0 (iOS App)', platformIdentifier='com.apple.platform.iphoneos', bundleIdentifier='com.jamesbaker.googleAdMobMonitor', didOptInToMacAppStore='1', didOptInToXROSAppStore='1'>",
    "<DVTITunesConnectApplicationDescription: 0x7c742ce00; adamID='6759581864', name='JamaicaDeals', displayableDescription='JamaicaDeals 1.0 (iOS App)', platformIdentifier='com.apple.platform.iphoneos', bundleIdentifier='com.jamesbaker.jamaicadeals', didOptInToMacAppStore='1', didOptInToXROSAppStore='1'>",
    "<DVTITunesConnectApplicationDescription: 0x7c742cdc0; adamID='6759357154', name='LyghtsOutApp', displayableDescription='LyghtsOutApp 1.0 (iOS App)', platformIdentifier='com.apple.platform.iphoneos', bundleIdentifier='com.example.LyghtsOutApp', didOptInToMacAppStore='1', didOptInToXROSAppStore='1'>",
    "<DVTITunesConnectApplicationDescription: 0x7c742cd00; adamID='6759178167', name='Maui Trolly', displayableDescription='Maui Trolly 2.6 (iOS App)', platformIdentifier='com.apple.platform.iphoneos', bundleIdentifier='com.mauiTrolly.app', didOptInToMacAppStore='1', didOptInToXROSAppStore='1'>",
    "<DVTITunesConnectApplicationDescription: 0x7c742f4c0; adamID='6443440601', name='ResortBrowser', displayableDescription='ResortBrowser 1.0 (macOS App)', platformIdentifier='com.apple.platform.iphoneos', bundleIdentifier='com.globalvibes.ResortBrowser', didOptInToMacAppStore='1', didOptInToXROSAppStore='1'>",
    "<DVTITunesConnectApplicationDescription: 0x7c742f440; adamID='6443440601', name='ResortBrowser', displayableDescription='ResortBrowser 1.8 (iOS App)', platformIdentifier='com.apple.platform.macosx', bundleIdentifier='com.globalvibes.ResortBrowser', didOptInToMacAppStore='1', didOptInToXROSAppStore='1'>",
    "<DVTITunesConnectApplicationDescription: 0x7c742f380; adamID='1349552442', name='Suburban NJ - NYC Scheduler', displayableDescription='Suburban NJ - NYC Scheduler 4.70 (iOS App)', platformIdentifier='com.apple.platform.iphoneos', bundleIdentifier='Baker.SurburbanNJBusScheduler', didOptInToMacAppStore='1', didOptInToXROSAppStore='1'>",
    "<DVTITunesConnectApplicationDescription: 0x7c742fa40; adamID='6759430431', name='The Commission - Sports', displayableDescription='The Commission - Sports 1.0 (iOS App)', platformIdentifier='com.apple.platform.iphoneos', bundleIdentifier='com.jbaker00.thecommission', didOptInToMacAppStore='1', didOptInToXROSAppStore='1'>"
)'>; error: (null)
2026-02-24 03:59:52 +0000  App Store Connect versions response: <DVTITunesConnectVersionsResponse: 0x7c7830630; isSuccessful='1', errors='(null)', warnings='(null)', infoMessages='(null)', versions='(
)'>; error: (null)
2026-02-24 03:59:53 +0000  App Store Connect versions response: <DVTITunesConnectVersionsResponse: 0x7c7831440; isSuccessful='1', errors='(null)', warnings='(null)', infoMessages='(null)', versions='(
    "<DVTITunesConnectApplicationVersionDescription: 0x7c6cc30c0; name='GoogleAdMobMonitor', displayableDescription='(null)', platformIdentifier='com.apple.platform.iphoneos', bundleIdentifier='com.jamesbaker.googleAdMobMonitor', marketingVersion='(null)', shortVersion='1.5', version='1', generations='(\n    \"<DVTITunesConnectGenerationDescription: 0x7c74da360; sliceUUIDs='(\\n    \\\"c56119bd-fb04-3295-b1d4-0400e5835fd2\\\"\\n)'>\",\n    \"<DVTITunesConnectGenerationDescription: 0x7c74da2e0; sliceUUIDs='(\\n)'>\"\n)', imageURL='(null)', extensions='(\n)', appClips='(\n)', extensionlessWatchApps='(\n)', supportedOSVersions='(\n    \"17.0\",\n    \"17.1\",\n    \"17.2\",\n    \"17.3\",\n    \"17.4\",\n    \"17.5\",\n    \"17.6\",\n    \"17.7\",\n    \"18.0\",\n    \"18.1\",\n    \"18.2\",\n    \"18.3\",\n    \"18.4\",\n    \"18.5\",\n    \"18.6\",\n    \"18.7\",\n    \"2.0\",\n    \"2.1\",\n    \"2.2\",\n    \"26.0\",\n    \"26.1\",\n    \"26.2\",\n    \"26.3\",\n    \"3.0\",\n    \"3.1\",\n    \"3.2\",\n    \"4.0\",\n    \"4.1\",\n    \"4.2\",\n    \"4.3\",\n    \"5.0\",\n    \"5.1\",\n    \"6.0\",\n    \"6.1\",\n    \"7.0\",\n    \"7.1\",\n    \"8.0\",\n    \"8.1\",\n    \"8.2\",\n    \"8.3\",\n    \"8.4\",\n    \"9.0\",\n    \"9.1\",\n    \"9.2\",\n    \"9.3\",\n    \"9.9\"\n)', supportedDevices='(\n)', wasApprovedForInternalTestFlightDistribution='1', wasApprovedForPrereleaseDistribution='0', wasApprovedForSaleDistribution='0'>",
    "<DVTITunesConnectApplicationVersionDescription: 0x7c6cc2f80; name='GoogleAdMobMonitor', displayableDescription='(null)', platformIdentifier='com.apple.platform.iphoneos', bundleIdentifier='com.jamesbaker.googleAdMobMonitor', marketingVersion='(null)', shortVersion='1.0', version='1', generations='(\n    \"<DVTITunesConnectGenerationDescription: 0x7c74da420; sliceUUIDs='(\\n    \\\"e23a9381-93a0-3c8d-9295-37bdea4ba7b2\\\"\\n)'>\",\n    \"<DVTITunesConnectGenerationDescription: 0x7c74da3c0; sliceUUIDs='(\\n)'>\"\n)', imageURL='(null)', extensions='(\n)', appClips='(\n)', extensionlessWatchApps='(\n)', supportedOSVersions='(\n    \"17.0\",\n    \"17.1\",\n    \"17.2\",\n    \"17.3\",\n    \"17.4\",\n    \"17.5\",\n    \"17.6\",\n    \"17.7\",\n    \"18.0\",\n    \"18.1\",\n    \"18.2\",\n    \"18.3\",\n    \"18.4\",\n    \"18.5\",\n    \"18.6\",\n    \"18.7\",\n    \"2.0\",\n    \"2.1\",\n    \"2.2\",\n    \"26.0\",\n    \"26.1\",\n    \"26.2\",\n    \"26.3\",\n    \"3.0\",\n    \"3.1\",\n    \"3.2\",\n    \"4.0\",\n    \"4.1\",\n    \"4.2\",\n    \"4.3\",\n    \"5.0\",\n    \"5.1\",\n    \"6.0\",\n    \"6.1\",\n    \"7.0\",\n    \"7.1\",\n    \"8.0\",\n    \"8.1\",\n    \"8.2\",\n    \"8.3\",\n    \"8.4\",\n    \"9.0\",\n    \"9.1\",\n    \"9.2\",\n    \"9.3\",\n    \"9.9\"\n)', supportedDevices='(\n)', wasApprovedForInternalTestFlightDistribution='1', wasApprovedForPrereleaseDistribution='0', wasApprovedForSaleDistribution='0'>"
)'>; error: (null)
2026-02-24 03:59:53 +0000  App Store Connect versions response: <DVTITunesConnectVersionsResponse: 0x7c7832f70; isSuccessful='1', errors='(null)', warnings='(null)', infoMessages='(null)', versions='(
    "<DVTITunesConnectApplicationVersionDescription: 0x7c6cc3480; name='JamaicaDeals', displayableDescription='(null)', platformIdentifier='com.apple.platform.iphoneos', bundleIdentifier='com.jamesbaker.jamaicadeals', marketingVersion='(null)', shortVersion='1.5', version='1', generations='(\n    \"<DVTITunesConnectGenerationDescription: 0x7c74db240; sliceUUIDs='(\\n    \\\"79c94f35-d98a-39a9-af5f-6537068514d0\\\"\\n)'>\",\n    \"<DVTITunesConnectGenerationDescription: 0x7c74db140; sliceUUIDs='(\\n)'>\"\n)', imageURL='(null)', extensions='(\n)', appClips='(\n)', extensionlessWatchApps='(\n)', supportedOSVersions='(\n    \"17.0\",\n    \"17.1\",\n    \"17.2\",\n    \"17.3\",\n    \"17.4\",\n    \"17.5\",\n    \"17.6\",\n    \"17.7\",\n    \"18.0\",\n    \"18.1\",\n    \"18.2\",\n    \"18.3\",\n    \"18.4\",\n    \"18.5\",\n    \"18.6\",\n    \"18.7\",\n    \"2.0\",\n    \"2.1\",\n    \"2.2\",\n    \"26.0\",\n    \"26.1\",\n    \"26.2\",\n    \"26.3\",\n    \"3.0\",\n    \"3.1\",\n    \"3.2\",\n    \"4.0\",\n    \"4.1\",\n    \"4.2\",\n    \"4.3\",\n    \"5.0\",\n    \"5.1\",\n    \"6.0\",\n    \"6.1\",\n    \"7.0\",\n    \"7.1\",\n    \"8.0\",\n    \"8.1\",\n    \"8.2\",\n    \"8.3\",\n    \"8.4\",\n    \"9.0\",\n    \"9.1\",\n    \"9.2\",\n    \"9.3\",\n    \"9.9\"\n)', supportedDevices='(\n)', wasApprovedForInternalTestFlightDistribution='1', wasApprovedForPrereleaseDistribution='0', wasApprovedForSaleDistribution='0'>",
    "<DVTITunesConnectApplicationVersionDescription: 0x7c6cc3520; name='JamaicaDeals', displayableDescription='(null)', platformIdentifier='com.apple.platform.iphoneos', bundleIdentifier='com.jamesbaker.jamaicadeals', marketingVersion='(null)', shortVersion='1.6', version='1', generations='(\n    \"<DVTITunesConnectGenerationDescription: 0x7c74db260; sliceUUIDs='(\\n    \\\"d07cde94-1cfa-344a-9864-f11b7a8fe0ae\\\"\\n)'>\",\n    \"<DVTITunesConnectGenerationDescription: 0x7c74db280; sliceUUIDs='(\\n)'>\"\n)', imageURL='(null)', extensions='(\n)', appClips='(\n)', extensionlessWatchApps='(\n)', supportedOSVersions='(\n    \"17.0\",\n    \"17.1\",\n    \"17.2\",\n    \"17.3\",\n    \"17.4\",\n    \"17.5\",\n    \"17.6\",\n    \"17.7\",\n    \"18.0\",\n    \"18.1\",\n    \"18.2\",\n    \"18.3\",\n    \"18.4\",\n    \"18.5\",\n    \"18.6\",\n    \"18.7\",\n    \"2.0\",\n    \"2.1\",\n    \"2.2\",\n    \"26.0\",\n    \"26.1\",\n    \"26.2\",\n    \"26.3\",\n    \"3.0\",\n    \"3.1\",\n    \"3.2\",\n    \"4.0\",\n    \"4.1\",\n    \"4.2\",\n    \"4.3\",\n    \"5.0\",\n    \"5.1\",\n    \"6.0\",\n    \"6.1\",\n    \"7.0\",\n    \"7.1\",\n    \"8.0\",\n    \"8.1\",\n    \"8.2\",\n    \"8.3\",\n    \"8.4\",\n    \"9.0\",\n    \"9.1\",\n    \"9.2\",\n    \"9.3\",\n    \"9.9\"\n)', supportedDevices='(\n)', wasApprovedForInternalTestFlightDistribution='1', wasApprovedForPrereleaseDistribution='0', wasApprovedForSaleDistribution='0'>"
)'>; error: (null)
2026-02-24 03:59:54 +0000  App Store Connect request for store configuration for credential <DVTFoundation.DVTServicesSessionProviderCredential: 0x7c7693a40>; configuration: <DVTITunesConnectConfigurationResponse: 0x7c788cfc0; isSuccessful='1', configuration='{
    G3P9A8Z2NP =     {
        "com.apple.platform.appletvos" =         {
            architectures =             {
                defaultArch =                 {
                    defaultProductType =                     {
                        format =                         {
                            bitCode =                             {
                                supportLevel = unsupported;
                            };
                            compiledCode =                             {
                                supportLevel = required;
                            };
                        };
                    };
                };
            };
            iconSource =             {
                largeAppIcon = carInBinary;
                primaryIcons = carInBinary;
            };
            onDemandResources =             {
                sizeLimits =                 {
                    assetPack = 512000000;
                    prioritizedTotal = 2000000000;
                    total = 20000000000;
                };
                supportLevel = supported;
            };
        };
        "com.apple.platform.iphoneos" =         {
            architectures =             {
                defaultArch =                 {
                    defaultProductType =                     {
                        format =                         {
                            bitCode =                             {
                                supportLevel = unsupported;
                            };
                            compiledCode =                             {
                                supportLevel = required;
                            };
                        };
                    };
                };
            };
            iconSource =             {
                largeAppIcon = unsupported;
                primaryIcons = pngInBinary;
            };
            onDemandResources =             {
                sizeLimits =                 {
                    assetPack = 512000000;
                    total = 20000000000;
                };
                supportLevel = supported;
            };
        };
        "com.apple.platform.macosx" =         {
            architectures =             {
                defaultArch =                 {
                    defaultProductType =                     {
                        format =                         {
                            bitCode =                             {
                                supportLevel = unsupported;
                            };
                            compiledCode =                             {
                                supportLevel = required;
                            };
                        };
                    };
                };
            };
            iconSource =             {
                largeAppIcon = pngInBinary;
                primaryIcons = pngInBinary;
            };
            onDemandResources =             {
                supportLevel = unsupported;
            };
        };
        "com.apple.platform.watchos" =         {
            architectures =             {
                defaultArch =                 {
                    defaultProductType =                     {
                        format =                         {
                            bitCode =                             {
                                supportLevel = unsupported;
                            };
                            compiledCode =                             {
                                supportLevel = required;
                            };
                        };
                    };
                };
            };
            iconSource =             {
                largeAppIcon = unsupported;
                primaryIcons = pngInBinary;
            };
            onDemandResources =             {
                supportLevel = unsupported;
            };
        };
        "com.apple.platform.xros" =         {
            architectures =             {
                defaultArch =                 {
                    defaultProductType =                     {
                        format =                         {
                            bitCode =                             {
                                supportLevel = unsupported;
                            };
                            compiledCode =                             {
                                supportLevel = required;
                            };
                        };
                    };
                };
            };
            iconSource =             {
                largeAppIcon = carInBinary;
                primaryIcons = carInBinary;
            };
            onDemandResources =             {
                supportLevel = unsupported;
            };
        };
        configModelVersion = "1.1";
    };
    preflight =     (
        G3P9A8Z2NP
    );
}', alertMessage='(null)', errors='(null)', warnings='(null)', infoMessages='(null)'>; error (null)
2026-02-24 03:59:55 +0000  App Store Connect versions response: <DVTITunesConnectVersionsResponse: 0x7c7833bd0; isSuccessful='1', errors='(null)', warnings='(null)', infoMessages='(null)', versions='(
    "<DVTITunesConnectApplicationVersionDescription: 0x7c6cc3ac0; name='LyghtsOutApp', displayableDescription='(null)', platformIdentifier='com.apple.platform.iphoneos', bundleIdentifier='com.example.LyghtsOutApp', marketingVersion='(null)', shortVersion='1.0', version='1', generations='(\n    \"<DVTITunesConnectGenerationDescription: 0x7c7691aa0; sliceUUIDs='(\\n)'>\",\n    \"<DVTITunesConnectGenerationDescription: 0x7c7691ba0; sliceUUIDs='(\\n    \\\"79226947-ed16-3834-87a0-516d386e6170\\\"\\n)'>\"\n)', imageURL='(null)', extensions='(\n)', appClips='(\n)', extensionlessWatchApps='(\n)', supportedOSVersions='(\n    \"15.0\",\n    \"15.1\",\n    \"15.2\",\n    \"15.3\",\n    \"15.4\",\n    \"15.5\",\n    \"15.6\",\n    \"15.7\",\n    \"15.8\",\n    \"16.0\",\n    \"16.1\",\n    \"16.2\",\n    \"16.3\",\n    \"16.4\",\n    \"16.5\",\n    \"16.6\",\n    \"17.0\",\n    \"17.1\",\n    \"17.2\",\n    \"17.3\",\n    \"17.4\",\n    \"17.5\",\n    \"17.6\",\n    \"17.7\",\n    \"18.0\",\n    \"18.1\",\n    \"18.2\",\n    \"18.3\",\n    \"18.4\",\n    \"18.5\",\n    \"18.6\",\n    \"18.7\",\n    \"2.0\",\n    \"2.1\",\n    \"2.2\",\n    \"26.0\",\n    \"26.1\",\n    \"26.2\",\n    \"26.3\",\n    \"3.0\",\n    \"3.1\",\n    \"3.2\",\n    \"4.0\",\n    \"4.1\",\n    \"4.2\",\n    \"4.3\",\n    \"5.0\",\n    \"5.1\",\n    \"6.0\",\n    \"6.1\",\n    \"7.0\",\n    \"7.1\",\n    \"8.0\",\n    \"8.1\",\n    \"8.2\",\n    \"8.3\",\n    \"8.4\",\n    \"9.0\",\n    \"9.1\",\n    \"9.2\",\n    \"9.3\",\n    \"9.9\"\n)', supportedDevices='(\n)', wasApprovedForInternalTestFlightDistribution='1', wasApprovedForPrereleaseDistribution='0', wasApprovedForSaleDistribution='0'>"
)'>; error: (null)
2026-02-24 03:59:57 +0000  App Store Connect versions response: <DVTITunesConnectVersionsResponse: 0x7c7769980; isSuccessful='1', errors='(null)', warnings='(null)', infoMessages='(null)', versions='(
)'>; error: (null)
2026-02-24 03:59:58 +0000  App Store Connect versions response: <DVTITunesConnectVersionsResponse: 0x7c79110e0; isSuccessful='1', errors='(null)', warnings='(null)', infoMessages='(null)', versions='(
    "<DVTITunesConnectApplicationVersionDescription: 0x7c6f54d20; name='CreoleTranslator', displayableDescription='(null)', platformIdentifier='com.apple.platform.iphoneos', bundleIdentifier='com.jbaker.CreoleTranslator', marketingVersion='(null)', shortVersion='1.956', version='28', generations='(\n    \"<DVTITunesConnectGenerationDescription: 0x7c79413c0; sliceUUIDs='(\\n)'>\",\n    \"<DVTITunesConnectGenerationDescription: 0x7c79413e0; sliceUUIDs='(\\n    \\\"e4be9783-bda0-399d-acf6-4d92ea3918db\\\"\\n)'>\"\n)', imageURL='https://a2.mzstatic.com/us/r30/Purple211/v4/48/d0/90/48d090cb-337c-84cc-ad4c-12c5193c2010/AppIcon-0-0-1x_U007emarketing-0-8-0-85-220.png?downloadKey=1772510392_09d40b75a1ba0947adf067542047b117', extensions='(\n)', appClips='(\n)', extensionlessWatchApps='(\n)', supportedOSVersions='(\n    \"15.0\",\n    \"15.1\",\n    \"15.2\",\n    \"15.3\",\n    \"15.4\",\n    \"15.5\",\n    \"15.6\",\n    \"15.7\",\n    \"15.8\",\n    \"16.0\",\n    \"16.1\",\n    \"16.2\",\n    \"16.3\",\n    \"16.4\",\n    \"16.5\",\n    \"16.6\",\n    \"17.0\",\n    \"17.1\",\n    \"17.2\",\n    \"17.3\",\n    \"17.4\",\n    \"17.5\",\n    \"17.6\",\n    \"17.7\",\n    \"18.0\",\n    \"18.1\",\n    \"18.2\",\n    \"18.3\",\n    \"18.4\",\n    \"18.5\",\n    \"18.6\",\n    \"18.7\",\n    \"2.0\",\n    \"2.1\",\n    \"2.2\",\n    \"26.0\",\n    \"26.1\",\n    \"26.2\",\n    \"26.3\",\n    \"3.0\",\n    \"3.1\",\n    \"3.2\",\n    \"4.0\",\n    \"4.1\",\n    \"4.2\",\n    \"4.3\",\n    \"5.0\",\n    \"5.1\",\n    \"6.0\",\n    \"6.1\",\n    \"7.0\",\n    \"7.1\",\n    \"8.0\",\n    \"8.1\",\n    \"8.2\",\n    \"8.3\",\n    \"8.4\",\n    \"9.0\",\n    \"9.1\",\n    \"9.2\",\n    \"9.3\",\n    \"9.9\"\n)', supportedDevices='(\n)', wasApprovedForInternalTestFlightDistribution='1', wasApprovedForPrereleaseDistribution='1', wasApprovedForSaleDistribution='0'>",
    "<DVTITunesConnectApplicationVersionDescription: 0x7c6f54dc0; name='CreoleTranslator', displayableDescription='(null)', platformIdentifier='com.apple.platform.iphoneos', bundleIdentifier='com.jbaker.CreoleTranslator', marketingVersion='(null)', shortVersion='1.955', version='21', generations='(\n    \"<DVTITunesConnectGenerationDescription: 0x7c7941420; sliceUUIDs='(\\n)'>\",\n    \"<DVTITunesConnectGenerationDescription: 0x7c7941440; sliceUUIDs='(\\n    \\\"d2286103-edfb-320b-8e5d-e0bf2289f5b1\\\"\\n)'>\"\n)', imageURL='https://a2.mzstatic.com/us/r30/Purple211/v4/48/d0/90/48d090cb-337c-84cc-ad4c-12c5193c2010/AppIcon-0-0-1x_U007emarketing-0-8-0-85-220.png?downloadKey=1772510392_09d40b75a1ba0947adf067542047b117', extensions='(\n)', appClips='(\n)', extensionlessWatchApps='(\n)', supportedOSVersions='(\n    \"15.0\",\n    \"15.1\",\n    \"15.2\",\n    \"15.3\",\n    \"15.4\",\n    \"15.5\",\n    \"15.6\",\n    \"15.7\",\n    \"15.8\",\n    \"16.0\",\n    \"16.1\",\n    \"16.2\",\n    \"16.3\",\n    \"16.4\",\n    \"16.5\",\n    \"16.6\",\n    \"17.0\",\n    \"17.1\",\n    \"17.2\",\n    \"17.3\",\n    \"17.4\",\n    \"17.5\",\n    \"17.6\",\n    \"17.7\",\n    \"18.0\",\n    \"18.1\",\n    \"18.2\",\n    \"18.3\",\n    \"18.4\",\n    \"18.5\",\n    \"18.6\",\n    \"18.7\",\n    \"2.0\",\n    \"2.1\",\n    \"2.2\",\n    \"26.0\",\n    \"26.1\",\n    \"26.2\",\n    \"26.3\",\n    \"3.0\",\n    \"3.1\",\n    \"3.2\",\n    \"4.0\",\n    \"4.1\",\n    \"4.2\",\n    \"4.3\",\n    \"5.0\",\n    \"5.1\",\n    \"6.0\",\n    \"6.1\",\n    \"7.0\",\n    \"7.1\",\n    \"8.0\",\n    \"8.1\",\n    \"8.2\",\n    \"8.3\",\n    \"8.4\",\n    \"9.0\",\n    \"9.1\",\n    \"9.2\",\n    \"9.3\",\n    \"9.9\"\n)', supportedDevices='(\n)', wasApprovedForInternalTestFlightDistribution='1', wasApprovedForPrereleaseDistribution='1', wasApprovedForSaleDistribution='0'>",
    "<DVTITunesConnectApplicationVersionDescription: 0x7c6f54e60; name='CreoleTranslator', displayableDescription='(null)', platformIdentifier='com.apple.platform.iphoneos', bundleIdentifier='com.jbaker.CreoleTranslator', marketingVersion='(null)', shortVersion='1.980', version='31', generations='(\n    \"<DVTITunesConnectGenerationDescription: 0x7c7941480; sliceUUIDs='(\\n    \\\"eb84e145-d7e0-3bad-98b7-64f066e5e479\\\"\\n)'>\",\n    \"<DVTITunesConnectGenerationDescription: 0x7c79414a0; sliceUUIDs='(\\n)'>\"\n)', imageURL='https://a2.mzstatic.com/us/r30/Purple211/v4/48/d0/90/48d090cb-337c-84cc-ad4c-12c5193c2010/AppIcon-0-0-1x_U007emarketing-0-8-0-85-220.png?downloadKey=1772510392_09d40b75a1ba0947adf067542047b117', extensions='(\n)', appClips='(\n)', extensionlessWatchApps='(\n)', supportedOSVersions='(\n    \"15.0\",\n    \"15.1\",\n    \"15.2\",\n    \"15.3\",\n    \"15.4\",\n    \"15.5\",\n    \"15.6\",\n    \"15.7\",\n    \"15.8\",\n    \"16.0\",\n    \"16.1\",\n    \"16.2\",\n    \"16.3\",\n    \"16.4\",\n    \"16.5\",\n    \"16.6\",\n    \"17.0\",\n    \"17.1\",\n    \"17.2\",\n    \"17.3\",\n    \"17.4\",\n    \"17.5\",\n    \"17.6\",\n    \"17.7\",\n    \"18.0\",\n    \"18.1\",\n    \"18.2\",\n    \"18.3\",\n    \"18.4\",\n    \"18.5\",\n    \"18.6\",\n    \"18.7\",\n    \"2.0\",\n    \"2.1\",\n    \"2.2\",\n    \"26.0\",\n    \"26.1\",\n    \"26.2\",\n    \"26.3\",\n    \"3.0\",\n    \"3.1\",\n    \"3.2\",\n    \"4.0\",\n    \"4.1\",\n    \"4.2\",\n    \"4.3\",\n    \"5.0\",\n    \"5.1\",\n    \"6.0\",\n    \"6.1\",\n    \"7.0\",\n    \"7.1\",\n    \"8.0\",\n    \"8.1\",\n    \"8.2\",\n    \"8.3\",\n    \"8.4\",\n    \"9.0\",\n    \"9.1\",\n    \"9.2\",\n    \"9.3\",\n    \"9.9\"\n)', supportedDevices='(\n)', wasApprovedForInternalTestFlightDistribution='1', wasApprovedForPrereleaseDistribution='0', wasApprovedForSaleDistribution='0'>",
    "<DVTITunesConnectApplicationVersionDescription: 0x7c6f54f00; name='CreoleTranslator', displayableDescription='(null)', platformIdentifier='com.apple.platform.iphoneos', bundleIdentifier='com.jbaker.CreoleTranslator', marketingVersion='(null)', shortVersion='1.960', version='1', generations='(\n    \"<DVTITunesConnectGenerationDescription: 0x7c79414e0; sliceUUIDs='(\\n    \\\"77f2deb5-af6b-3be2-ba3e-855476a53f06\\\"\\n)'>\",\n    \"<DVTITunesConnectGenerationDescription: 0x7c7941500; sliceUUIDs='(\\n)'>\"\n)', imageURL='https://a2.mzstatic.com/us/r30/Purple211/v4/48/d0/90/48d090cb-337c-84cc-ad4c-12c5193c2010/AppIcon-0-0-1x_U007emarketing-0-8-0-85-220.png?downloadKey=1772510392_09d40b75a1ba0947adf067542047b117', extensions='(\n)', appClips='(\n)', extensionlessWatchApps='(\n)', supportedOSVersions='(\n    \"15.0\",\n    \"15.1\",\n    \"15.2\",\n    \"15.3\",\n    \"15.4\",\n    \"15.5\",\n    \"15.6\",\n    \"15.7\",\n    \"15.8\",\n    \"16.0\",\n    \"16.1\",\n    \"16.2\",\n    \"16.3\",\n    \"16.4\",\n    \"16.5\",\n    \"16.6\",\n    \"17.0\",\n    \"17.1\",\n    \"17.2\",\n    \"17.3\",\n    \"17.4\",\n    \"17.5\",\n    \"17.6\",\n    \"17.7\",\n    \"18.0\",\n    \"18.1\",\n    \"18.2\",\n    \"18.3\",\n    \"18.4\",\n    \"18.5\",\n    \"18.6\",\n    \"18.7\",\n    \"2.0\",\n    \"2.1\",\n    \"2.2\",\n    \"26.0\",\n    \"26.1\",\n    \"26.2\",\n    \"26.3\",\n    \"3.0\",\n    \"3.1\",\n    \"3.2\",\n    \"4.0\",\n    \"4.1\",\n    \"4.2\",\n    \"4.3\",\n    \"5.0\",\n    \"5.1\",\n    \"6.0\",\n    \"6.1\",\n    \"7.0\",\n    \"7.1\",\n    \"8.0\",\n    \"8.1\",\n    \"8.2\",\n    \"8.3\",\n    \"8.4\",\n    \"9.0\",\n    \"9.1\",\n    \"9.2\",\n    \"9.3\",\n    \"9.9\"\n)', supportedDevices='(\n)', wasApprovedForInternalTestFlightDistribution='1', wasApprovedForPrereleaseDistribution='0', wasApprovedForSaleDistribution='0'>",
    "<DVTITunesConnectApplicationVersionDescription: 0x7c6f54fa0; name='CreoleTranslator', displayableDescription='(null)', platformIdentifier='com.apple.platform.iphoneos', bundleIdentifier='com.jbaker.CreoleTranslator', marketingVersion='(null)', shortVersion='1.956', version='1', generations='(\n    \"<DVTITunesConnectGenerationDescription: 0x7c7941540; sliceUUIDs='(\\n)'>\",\n    \"<DVTITunesConnectGenerationDescription: 0x7c7941560; sliceUUIDs='(\\n    \\\"ca520116-e437-3d13-91ab-e38f794b88b7\\\"\\n)'>\"\n)', imageURL='https://a2.mzstatic.com/us/r30/Purple211/v4/48/d0/90/48d090cb-337c-84cc-ad4c-12c5193c2010/AppIcon-0-0-1x_U007emarketing-0-8-0-85-220.png?downloadKey=1772510392_09d40b75a1ba0947adf067542047b117', extensions='(\n)', appClips='(\n)', extensionlessWatchApps='(\n)', supportedOSVersions='(\n    \"15.0\",\n    \"15.1\",\n    \"15.2\",\n    \"15.3\",\n    \"15.4\",\n    \"15.5\",\n    \"15.6\",\n    \"15.7\",\n    \"15.8\",\n    \"16.0\",\n    \"16.1\",\n    \"16.2\",\n    \"16.3\",\n    \"16.4\",\n    \"16.5\",\n    \"16.6\",\n    \"17.0\",\n    \"17.1\",\n    \"17.2\",\n    \"17.3\",\n    \"17.4\",\n    \"17.5\",\n    \"17.6\",\n    \"17.7\",\n    \"18.0\",\n    \"18.1\",\n    \"18.2\",\n    \"18.3\",\n    \"18.4\",\n    \"18.5\",\n    \"18.6\",\n    \"18.7\",\n    \"2.0\",\n    \"2.1\",\n    \"2.2\",\n    \"26.0\",\n    \"26.1\",\n    \"26.2\",\n    \"26.3\",\n    \"3.0\",\n    \"3.1\",\n    \"3.2\",\n    \"4.0\",\n    \"4.1\",\n    \"4.2\",\n    \"4.3\",\n    \"5.0\",\n    \"5.1\",\n    \"6.0\",\n    \"6.1\",\n    \"7.0\",\n    \"7.1\",\n    \"8.0\",\n    \"8.1\",\n    \"8.2\",\n    \"8.3\",\n    \"8.4\",\n    \"9.0\",\n    \"9.1\",\n    \"9.2\",\n    \"9.3\",\n    \"9.9\"\n)', supportedDevices='(\n)', wasApprovedForInternalTestFlightDistribution='1', wasApprovedForPrereleaseDistribution='0', wasApprovedForSaleDistribution='0'>",
    "<DVTITunesConnectApplicationVersionDescription: 0x7c6f55040; name='CreoleTranslator', displayableDescription='(null)', platformIdentifier='com.apple.platform.iphoneos', bundleIdentifier='com.jbaker.CreoleTranslator', marketingVersion='(null)', shortVersion='1.955', version='2', generations='(\n    \"<DVTITunesConnectGenerationDescription: 0x7c79415a0; sliceUUIDs='(\\n    \\\"972df9a9-4c7e-3e69-940e-bd35e984b145\\\"\\n)'>\",\n    \"<DVTITunesConnectGenerationDescription: 0x7c79415c0; sliceUUIDs='(\\n)'>\"\n)', imageURL='https://a2.mzstatic.com/us/r30/Purple211/v4/48/d0/90/48d090cb-337c-84cc-ad4c-12c5193c2010/AppIcon-0-0-1x_U007emarketing-0-8-0-85-220.png?downloadKey=1772510392_09d40b75a1ba0947adf067542047b117', extensions='(\n)', appClips='(\n)', extensionlessWatchApps='(\n)', supportedOSVersions='(\n    \"15.0\",\n    \"15.1\",\n    \"15.2\",\n    \"15.3\",\n    \"15.4\",\n    \"15.5\",\n    \"15.6\",\n    \"15.7\",\n    \"15.8\",\n    \"16.0\",\n    \"16.1\",\n    \"16.2\",\n    \"16.3\",\n    \"16.4\",\n    \"16.5\",\n    \"16.6\",\n    \"17.0\",\n    \"17.1\",\n    \"17.2\",\n    \"17.3\",\n    \"17.4\",\n    \"17.5\",\n    \"17.6\",\n    \"17.7\",\n    \"18.0\",\n    \"18.1\",\n    \"18.2\",\n    \"18.3\",\n    \"18.4\",\n    \"18.5\",\n    \"18.6\",\n    \"18.7\",\n    \"2.0\",\n    \"2.1\",\n    \"2.2\",\n    \"26.0\",\n    \"26.1\",\n    \"26.2\",\n    \"26.3\",\n    \"3.0\",\n    \"3.1\",\n    \"3.2\",\n    \"4.0\",\n    \"4.1\",\n    \"4.2\",\n    \"4.3\",\n    \"5.0\",\n    \"5.1\",\n    \"6.0\",\n    \"6.1\",\n    \"7.0\",\n    \"7.1\",\n    \"8.0\",\n    \"8.1\",\n    \"8.2\",\n    \"8.3\",\n    \"8.4\",\n    \"9.0\",\n    \"9.1\",\n    \"9.2\",\n    \"9.3\",\n    \"9.9\"\n)', supportedDevices='(\n)', wasApprovedForInternalTestFlightDistribution='1', wasApprovedForPrereleaseDistribution='0', wasApprovedForSaleDistribution='0'>",
    "<DVTITunesConnectApplicationVersionDescription: 0x7c6f550e0; name='CreoleTranslator', displayableDescription='(null)', platformIdentifier='com.apple.platform.iphoneos', bundleIdentifier='com.jbaker.CreoleTranslator', marketingVersion='(null)', shortVersion='1.956', version='29', generations='(\n    \"<DVTITunesConnectGenerationDescription: 0x7c7941600; sliceUUIDs='(\\n)'>\",\n    \"<DVTITunesConnectGenerationDescription: 0x7c7941620; sliceUUIDs='(\\n    \\\"e4be9783-bda0-399d-acf6-4d92ea3918db\\\"\\n)'>\"\n)', imageURL='https://a2.mzstatic.com/us/r30/Purple211/v4/48/d0/90/48d090cb-337c-84cc-ad4c-12c5193c2010/AppIcon-0-0-1x_U007emarketing-0-8-0-85-220.png?downloadKey=1772510392_09d40b75a1ba0947adf067542047b117', extensions='(\n)', appClips='(\n)', extensionlessWatchApps='(\n)', supportedOSVersions='(\n    \"15.0\",\n    \"15.1\",\n    \"15.2\",\n    \"15.3\",\n    \"15.4\",\n    \"15.5\",\n    \"15.6\",\n    \"15.7\",\n    \"15.8\",\n    \"16.0\",\n    \"16.1\",\n    \"16.2\",\n    \"16.3\",\n    \"16.4\",\n    \"16.5\",\n    \"16.6\",\n    \"17.0\",\n    \"17.1\",\n    \"17.2\",\n    \"17.3\",\n    \"17.4\",\n    \"17.5\",\n    \"17.6\",\n    \"17.7\",\n    \"18.0\",\n    \"18.1\",\n    \"18.2\",\n    \"18.3\",\n    \"18.4\",\n    \"18.5\",\n    \"18.6\",\n    \"18.7\",\n    \"2.0\",\n    \"2.1\",\n    \"2.2\",\n    \"26.0\",\n    \"26.1\",\n    \"26.2\",\n    \"26.3\",\n    \"3.0\",\n    \"3.1\",\n    \"3.2\",\n    \"4.0\",\n    \"4.1\",\n    \"4.2\",\n    \"4.3\",\n    \"5.0\",\n    \"5.1\",\n    \"6.0\",\n    \"6.1\",\n    \"7.0\",\n    \"7.1\",\n    \"8.0\",\n    \"8.1\",\n    \"8.2\",\n    \"8.3\",\n    \"8.4\",\n    \"9.0\",\n    \"9.1\",\n    \"9.2\",\n    \"9.3\",\n    \"9.9\"\n)', supportedDevices='(\n)', wasApprovedForInternalTestFlightDistribution='1', wasApprovedForPrereleaseDistribution='0', wasApprovedForSaleDistribution='1'>",
    "<DVTITunesConnectApplicationVersionDescription: 0x7c6f55180; name='CreoleTranslator', displayableDescription='(null)', platformIdentifier='com.apple.platform.iphoneos', bundleIdentifier='com.jbaker.CreoleTranslator', marketingVersion='(null)', shortVersion='1.956', version='2', generations='(\n    \"<DVTITunesConnectGenerationDescription: 0x7c7941660; sliceUUIDs='(\\n)'>\",\n    \"<DVTITunesConnectGenerationDescription: 0x7c7941680; sliceUUIDs='(\\n    \\\"f5bef6e3-b04c-3728-9d8c-81a14cb1079a\\\"\\n)'>\"\n)', imageURL='https://a2.mzstatic.com/us/r30/Purple211/v4/48/d0/90/48d090cb-337c-84cc-ad4c-12c5193c2010/AppIcon-0-0-1x_U007emarketing-0-8-0-85-220.png?downloadKey=1772510392_09d40b75a1ba0947adf067542047b117', extensions='(\n)', appClips='(\n)', extensionlessWatchApps='(\n)', supportedOSVersions='(\n    \"15.0\",\n    \"15.1\",\n    \"15.2\",\n    \"15.3\",\n    \"15.4\",\n    \"15.5\",\n    \"15.6\",\n    \"15.7\",\n    \"15.8\",\n    \"16.0\",\n    \"16.1\",\n    \"16.2\",\n    \"16.3\",\n    \"16.4\",\n    \"16.5\",\n    \"16.6\",\n    \"17.0\",\n    \"17.1\",\n    \"17.2\",\n    \"17.3\",\n    \"17.4\",\n    \"17.5\",\n    \"17.6\",\n    \"17.7\",\n    \"18.0\",\n    \"18.1\",\n    \"18.2\",\n    \"18.3\",\n    \"18.4\",\n    \"18.5\",\n    \"18.6\",\n    \"18.7\",\n    \"2.0\",\n    \"2.1\",\n    \"2.2\",\n    \"26.0\",\n    \"26.1\",\n    \"26.2\",\n    \"26.3\",\n    \"3.0\",\n    \"3.1\",\n    \"3.2\",\n    \"4.0\",\n    \"4.1\",\n    \"4.2\",\n    \"4.3\",\n    \"5.0\",\n    \"5.1\",\n    \"6.0\",\n    \"6.1\",\n    \"7.0\",\n    \"7.1\",\n    \"8.0\",\n    \"8.1\",\n    \"8.2\",\n    \"8.3\",\n    \"8.4\",\n    \"9.0\",\n    \"9.1\",\n    \"9.2\",\n    \"9.3\",\n    \"9.9\"\n)', supportedDevices='(\n)', wasApprovedForInternalTestFlightDistribution='1', wasApprovedForPrereleaseDistribution='0', wasApprovedForSaleDistribution='0'>",
    "<DVTITunesConnectApplicationVersionDescription: 0x7c6f55220; name='CreoleTranslator', displayableDescription='(null)', platformIdentifier='com.apple.platform.iphoneos', bundleIdentifier='com.jbaker.CreoleTranslator', marketingVersion='(null)', shortVersion='1.955', version='1', generations='(\n    \"<DVTITunesConnectGenerationDescription: 0x7c79416c0; sliceUUIDs='(\\n)'>\",\n    \"<DVTITunesConnectGenerationDescription: 0x7c79416e0; sliceUUIDs='(\\n    \\\"972df9a9-4c7e-3e69-940e-bd35e984b145\\\"\\n)'>\"\n)', imageURL='https://a2.mzstatic.com/us/r30/Purple211/v4/48/d0/90/48d090cb-337c-84cc-ad4c-12c5193c2010/AppIcon-0-0-1x_U007emarketing-0-8-0-85-220.png?downloadKey=1772510392_09d40b75a1ba0947adf067542047b117', extensions='(\n)', appClips='(\n)', extensionlessWatchApps='(\n)', supportedOSVersions='(\n    \"15.0\",\n    \"15.1\",\n    \"15.2\",\n    \"15.3\",\n    \"15.4\",\n    \"15.5\",\n    \"15.6\",\n    \"15.7\",\n    \"15.8\",\n    \"16.0\",\n    \"16.1\",\n    \"16.2\",\n    \"16.3\",\n    \"16.4\",\n    \"16.5\",\n    \"16.6\",\n    \"17.0\",\n    \"17.1\",\n    \"17.2\",\n    \"17.3\",\n    \"17.4\",\n    \"17.5\",\n    \"17.6\",\n    \"17.7\",\n    \"18.0\",\n    \"18.1\",\n    \"18.2\",\n    \"18.3\",\n    \"18.4\",\n    \"18.5\",\n    \"18.6\",\n    \"18.7\",\n    \"2.0\",\n    \"2.1\",\n    \"2.2\",\n    \"26.0\",\n    \"26.1\",\n    \"26.2\",\n    \"26.3\",\n    \"3.0\",\n    \"3.1\",\n    \"3.2\",\n    \"4.0\",\n    \"4.1\",\n    \"4.2\",\n    \"4.3\",\n    \"5.0\",\n    \"5.1\",\n    \"6.0\",\n    \"6.1\",\n    \"7.0\",\n    \"7.1\",\n    \"8.0\",\n    \"8.1\",\n    \"8.2\",\n    \"8.3\",\n    \"8.4\",\n    \"9.0\",\n    \"9.1\",\n    \"9.2\",\n    \"9.3\",\n    \"9.9\"\n)', supportedDevices='(\n)', wasApprovedForInternalTestFlightDistribution='1', wasApprovedForPrereleaseDistribution='0', wasApprovedForSaleDistribution='0'>",
    "<DVTITunesConnectApplicationVersionDescription: 0x7c6f552c0; name='CreoleTranslator', displayableDescription='(null)', platformIdentifier='com.apple.platform.iphoneos', bundleIdentifier='com.jbaker.CreoleTranslator', marketingVersion='(null)', shortVersion='2.0', version='2', generations='(\n    \"<DVTITunesConnectGenerationDescription: 0x7c7941720; sliceUUIDs='(\\n    \\\"f4325778-83e2-3873-981f-e2e5dce91796\\\"\\n)'>\",\n    \"<DVTITunesConnectGenerationDescription: 0x7c7941740; sliceUUIDs='(\\n)'>\"\n)', imageURL='https://a2.mzstatic.com/us/r30/Purple211/v4/48/d0/90/48d090cb-337c-84cc-ad4c-12c5193c2010/AppIcon-0-0-1x_U007emarketing-0-8-0-85-220.png?downloadKey=1772510392_09d40b75a1ba0947adf067542047b117', extensions='(\n)', appClips='(\n)', extensionlessWatchApps='(\n)', supportedOSVersions='(\n    \"15.0\",\n    \"15.1\",\n    \"15.2\",\n    \"15.3\",\n    \"15.4\",\n    \"15.5\",\n    \"15.6\",\n    \"15.7\",\n    \"15.8\",\n    \"16.0\",\n    \"16.1\",\n    \"16.2\",\n    \"16.3\",\n    \"16.4\",\n    \"16.5\",\n    \"16.6\",\n    \"17.0\",\n    \"17.1\",\n    \"17.2\",\n    \"17.3\",\n    \"17.4\",\n    \"17.5\",\n    \"17.6\",\n    \"17.7\",\n    \"18.0\",\n    \"18.1\",\n    \"18.2\",\n    \"18.3\",\n    \"18.4\",\n    \"18.5\",\n    \"18.6\",\n    \"18.7\",\n    \"2.0\",\n    \"2.1\",\n    \"2.2\",\n    \"26.0\",\n    \"26.1\",\n    \"26.2\",\n    \"26.3\",\n    \"3.0\",\n    \"3.1\",\n    \"3.2\",\n    \"4.0\",\n    \"4.1\",\n    \"4.2\",\n    \"4.3\",\n    \"5.0\",\n    \"5.1\",\n    \"6.0\",\n    \"6.1\",\n    \"7.0\",\n    \"7.1\",\n    \"8.0\",\n    \"8.1\",\n    \"8.2\",\n    \"8.3\",\n    \"8.4\",\n    \"9.0\",\n    \"9.1\",\n    \"9.2\",\n    \"9.3\",\n    \"9.9\"\n)', supportedDevices='(\n)', wasApprovedForInternalTestFlightDistribution='1', wasApprovedForPrereleaseDistribution='0', wasApprovedForSaleDistribution='0'>",
    "<DVTITunesConnectApplicationVersionDescription: 0x7c6f55360; name='CreoleTranslator', displayableDescription='(null)', platformIdentifier='com.apple.platform.iphoneos', bundleIdentifier='com.jbaker.CreoleTranslator', marketingVersion='(null)', shortVersion='1.980', version='2', generations='(\n    \"<DVTITunesConnectGenerationDescription: 0x7c7941780; sliceUUIDs='(\\n    \\\"99a3b240-69f3-3364-afd6-6a7affe92402\\\"\\n)'>\",\n    \"<DVTITunesConnectGenerationDescription: 0x7c79417a0; sliceUUIDs='(\\n)'>\"\n)', imageURL='https://a2.mzstatic.com/us/r30/Purple211/v4/48/d0/90/48d090cb-337c-84cc-ad4c-12c5193c2010/AppIcon-0-0-1x_U007emarketing-0-8-0-85-220.png?downloadKey=1772510392_09d40b75a1ba0947adf067542047b117', extensions='(\n)', appClips='(\n)', extensionlessWatchApps='(\n)', supportedOSVersions='(\n    \"15.0\",\n    \"15.1\",\n    \"15.2\",\n    \"15.3\",\n    \"15.4\",\n    \"15.5\",\n    \"15.6\",\n    \"15.7\",\n    \"15.8\",\n    \"16.0\",\n    \"16.1\",\n    \"16.2\",\n    \"16.3\",\n    \"16.4\",\n    \"16.5\",\n    \"16.6\",\n    \"17.0\",\n    \"17.1\",\n    \"17.2\",\n    \"17.3\",\n    \"17.4\",\n    \"17.5\",\n    \"17.6\",\n    \"17.7\",\n    \"18.0\",\n    \"18.1\",\n    \"18.2\",\n    \"18.3\",\n    \"18.4\",\n    \"18.5\",\n    \"18.6\",\n    \"18.7\",\n    \"2.0\",\n    \"2.1\",\n    \"2.2\",\n    \"26.0\",\n    \"26.1\",\n    \"26.2\",\n    \"26.3\",\n    \"3.0\",\n    \"3.1\",\n    \"3.2\",\n    \"4.0\",\n    \"4.1\",\n    \"4.2\",\n    \"4.3\",\n    \"5.0\",\n    \"5.1\",\n    \"6.0\",\n    \"6.1\",\n    \"7.0\",\n    \"7.1\",\n    \"8.0\",\n    \"8.1\",\n    \"8.2\",\n    \"8.3\",\n    \"8.4\",\n    \"9.0\",\n    \"9.1\",\n    \"9.2\",\n    \"9.3\",\n    \"9.9\"\n)', supportedDevices='(\n)', wasApprovedForInternalTestFlightDistribution='1', wasApprovedForPrereleaseDistribution='0', wasApprovedForSaleDistribution='1'>",
    "<DVTITunesConnectApplicationVersionDescription: 0x7c6f55400; name='CreoleTranslator', displayableDescription='(null)', platformIdentifier='com.apple.platform.iphoneos', bundleIdentifier='com.jbaker.CreoleTranslator', marketingVersion='(null)', shortVersion='1.951', version='3', generations='(\n    \"<DVTITunesConnectGenerationDescription: 0x7c79417e0; sliceUUIDs='(\\n)'>\",\n    \"<DVTITunesConnectGenerationDescription: 0x7c7941800; sliceUUIDs='(\\n    \\\"698b4579-c478-3392-8dfb-b3e60ace118e\\\"\\n)'>\"\n)', imageURL='https://a2.mzstatic.com/us/r30/Purple211/v4/48/d0/90/48d090cb-337c-84cc-ad4c-12c5193c2010/AppIcon-0-0-1x_U007emarketing-0-8-0-85-220.png?downloadKey=1772510392_09d40b75a1ba0947adf067542047b117', extensions='(\n)', appClips='(\n)', extensionlessWatchApps='(\n)', supportedOSVersions='(\n    \"15.0\",\n    \"15.1\",\n    \"15.2\",\n    \"15.3\",\n    \"15.4\",\n    \"15.5\",\n    \"15.6\",\n    \"15.7\",\n    \"15.8\",\n    \"16.0\",\n    \"16.1\",\n    \"16.2\",\n    \"16.3\",\n    \"16.4\",\n    \"16.5\",\n    \"16.6\",\n    \"17.0\",\n    \"17.1\",\n    \"17.2\",\n    \"17.3\",\n    \"17.4\",\n    \"17.5\",\n    \"17.6\",\n    \"17.7\",\n    \"18.0\",\n    \"18.1\",\n    \"18.2\",\n    \"18.3\",\n    \"18.4\",\n    \"18.5\",\n    \"18.6\",\n    \"18.7\",\n    \"2.0\",\n    \"2.1\",\n    \"2.2\",\n    \"26.0\",\n    \"26.1\",\n    \"26.2\",\n    \"26.3\",\n    \"3.0\",\n    \"3.1\",\n    \"3.2\",\n    \"4.0\",\n    \"4.1\",\n    \"4.2\",\n    \"4.3\",\n    \"5.0\",\n    \"5.1\",\n    \"6.0\",\n    \"6.1\",\n    \"7.0\",\n    \"7.1\",\n    \"8.0\",\n    \"8.1\",\n    \"8.2\",\n    \"8.3\",\n    \"8.4\",\n    \"9.0\",\n    \"9.1\",\n    \"9.2\",\n    \"9.3\",\n    \"9.9\"\n)', supportedDevices='(\n)', wasApprovedForInternalTestFlightDistribution='1', wasApprovedForPrereleaseDistribution='1', wasApprovedForSaleDistribution='1'>",
    "<DVTITunesConnectApplicationVersionDescription: 0x7c6f554a0; name='CreoleTranslator', displayableDescription='(null)', platformIdentifier='com.apple.platform.iphoneos', bundleIdentifier='com.jbaker.CreoleTranslator', marketingVersion='(null)', shortVersion='2.0', version='33', generations='(\n    \"<DVTITunesConnectGenerationDescription: 0x7c7941840; sliceUUIDs='(\\n)'>\",\n    \"<DVTITunesConnectGenerationDescription: 0x7c7941860; sliceUUIDs='(\\n    \\\"958162e1-9f36-30ea-b2c9-b9c14910d91a\\\"\\n)'>\"\n)', imageURL='https://a2.mzstatic.com/us/r30/Purple211/v4/48/d0/90/48d090cb-337c-84cc-ad4c-12c5193c2010/AppIcon-0-0-1x_U007emarketing-0-8-0-85-220.png?downloadKey=1772510392_09d40b75a1ba0947adf067542047b117', extensions='(\n)', appClips='(\n)', extensionlessWatchApps='(\n)', supportedOSVersions='(\n    \"15.0\",\n    \"15.1\",\n    \"15.2\",\n    \"15.3\",\n    \"15.4\",\n    \"15.5\",\n    \"15.6\",\n    \"15.7\",\n    \"15.8\",\n    \"16.0\",\n    \"16.1\",\n    \"16.2\",\n    \"16.3\",\n    \"16.4\",\n    \"16.5\",\n    \"16.6\",\n    \"17.0\",\n    \"17.1\",\n    \"17.2\",\n    \"17.3\",\n    \"17.4\",\n    \"17.5\",\n    \"17.6\",\n    \"17.7\",\n    \"18.0\",\n    \"18.1\",\n    \"18.2\",\n    \"18.3\",\n    \"18.4\",\n    \"18.5\",\n    \"18.6\",\n    \"18.7\",\n    \"2.0\",\n    \"2.1\",\n    \"2.2\",\n    \"26.0\",\n    \"26.1\",\n    \"26.2\",\n    \"26.3\",\n    \"3.0\",\n    \"3.1\",\n    \"3.2\",\n    \"4.0\",\n    \"4.1\",\n    \"4.2\",\n    \"4.3\",\n    \"5.0\",\n    \"5.1\",\n    \"6.0\",\n    \"6.1\",\n    \"7.0\",\n    \"7.1\",\n    \"8.0\",\n    \"8.1\",\n    \"8.2\",\n    \"8.3\",\n    \"8.4\",\n    \"9.0\",\n    \"9.1\",\n    \"9.2\",\n    \"9.3\",\n    \"9.9\"\n)', supportedDevices='(\n)', wasApprovedForInternalTestFlightDistribution='1', wasApprovedForPrereleaseDistribution='0', wasApprovedForSaleDistribution='0'>"
)'>; error: (null)
2026-02-24 04:00:00 +0000  App Store Connect versions response: <DVTITunesConnectVersionsResponse: 0x7c8041230; isSuccessful='1', errors='(null)', warnings='(null)', infoMessages='(null)', versions='(
    "<DVTITunesConnectApplicationVersionDescription: 0x7c6f55220; name='Maui Trolly', displayableDescription='(null)', platformIdentifier='com.apple.platform.iphoneos', bundleIdentifier='com.mauiTrolly.app', marketingVersion='(null)', shortVersion='2.6', version='1', generations='(\n    \"<DVTITunesConnectGenerationDescription: 0x7c7940f20; sliceUUIDs='(\\n    \\\"696310ba-e92d-34ee-958d-b59766597dff\\\"\\n)'>\",\n    \"<DVTITunesConnectGenerationDescription: 0x7c7940fa0; sliceUUIDs='(\\n)'>\"\n)', imageURL='https://a1.mzstatic.com/us/r30/Purple211/v4/23/d2/8b/23d28b21-4e1f-f3af-a133-b68682cc7adc/AppIcon-0-0-1x_U007epad-0-1-85-220.png?downloadKey=1772510395_bf5ae73525bd36bb66eb6b436a8d7c6d', extensions='(\n)', appClips='(\n)', extensionlessWatchApps='(\n)', supportedOSVersions='(\n    \"16.0\",\n    \"16.1\",\n    \"16.2\",\n    \"16.3\",\n    \"16.4\",\n    \"16.5\",\n    \"16.6\",\n    \"17.0\",\n    \"17.1\",\n    \"17.2\",\n    \"17.3\",\n    \"17.4\",\n    \"17.5\",\n    \"17.6\",\n    \"17.7\",\n    \"18.0\",\n    \"18.1\",\n    \"18.2\",\n    \"18.3\",\n    \"18.4\",\n    \"18.5\",\n    \"18.6\",\n    \"18.7\",\n    \"2.0\",\n    \"2.1\",\n    \"2.2\",\n    \"26.0\",\n    \"26.1\",\n    \"26.2\",\n    \"26.3\",\n    \"3.0\",\n    \"3.1\",\n    \"3.2\",\n    \"4.0\",\n    \"4.1\",\n    \"4.2\",\n    \"4.3\",\n    \"5.0\",\n    \"5.1\",\n    \"6.0\",\n    \"6.1\",\n    \"7.0\",\n    \"7.1\",\n    \"8.0\",\n    \"8.1\",\n    \"8.2\",\n    \"8.3\",\n    \"8.4\",\n    \"9.0\",\n    \"9.1\",\n    \"9.2\",\n    \"9.3\",\n    \"9.9\"\n)', supportedDevices='(\n)', wasApprovedForInternalTestFlightDistribution='1', wasApprovedForPrereleaseDistribution='0', wasApprovedForSaleDistribution='1'>",
    "<DVTITunesConnectApplicationVersionDescription: 0x7c6f55180; name='Maui Trolly', displayableDescription='(null)', platformIdentifier='com.apple.platform.iphoneos', bundleIdentifier='com.mauiTrolly.app', marketingVersion='(null)', shortVersion='2.0', version='1', generations='(\n    \"<DVTITunesConnectGenerationDescription: 0x7c7940fe0; sliceUUIDs='(\\n)'>\",\n    \"<DVTITunesConnectGenerationDescription: 0x7c7941000; sliceUUIDs='(\\n    \\\"155252dd-9530-3fc6-ad56-62eff4bce079\\\"\\n)'>\"\n)', imageURL='https://a1.mzstatic.com/us/r30/Purple211/v4/23/d2/8b/23d28b21-4e1f-f3af-a133-b68682cc7adc/AppIcon-0-0-1x_U007epad-0-1-85-220.png?downloadKey=1772510395_bf5ae73525bd36bb66eb6b436a8d7c6d', extensions='(\n)', appClips='(\n)', extensionlessWatchApps='(\n)', supportedOSVersions='(\n    \"16.0\",\n    \"16.1\",\n    \"16.2\",\n    \"16.3\",\n    \"16.4\",\n    \"16.5\",\n    \"16.6\",\n    \"17.0\",\n    \"17.1\",\n    \"17.2\",\n    \"17.3\",\n    \"17.4\",\n    \"17.5\",\n    \"17.6\",\n    \"17.7\",\n    \"18.0\",\n    \"18.1\",\n    \"18.2\",\n    \"18.3\",\n    \"18.4\",\n    \"18.5\",\n    \"18.6\",\n    \"18.7\",\n    \"2.0\",\n    \"2.1\",\n    \"2.2\",\n    \"26.0\",\n    \"26.1\",\n    \"26.2\",\n    \"26.3\",\n    \"3.0\",\n    \"3.1\",\n    \"3.2\",\n    \"4.0\",\n    \"4.1\",\n    \"4.2\",\n    \"4.3\",\n    \"5.0\",\n    \"5.1\",\n    \"6.0\",\n    \"6.1\",\n    \"7.0\",\n    \"7.1\",\n    \"8.0\",\n    \"8.1\",\n    \"8.2\",\n    \"8.3\",\n    \"8.4\",\n    \"9.0\",\n    \"9.1\",\n    \"9.2\",\n    \"9.3\",\n    \"9.9\"\n)', supportedDevices='(\n)', wasApprovedForInternalTestFlightDistribution='1', wasApprovedForPrereleaseDistribution='1', wasApprovedForSaleDistribution='0'>",
    "<DVTITunesConnectApplicationVersionDescription: 0x7c6f552c0; name='Maui Trolly', displayableDescription='(null)', platformIdentifier='com.apple.platform.iphoneos', bundleIdentifier='com.mauiTrolly.app', marketingVersion='(null)', shortVersion='2.2', version='1', generations='(\n    \"<DVTITunesConnectGenerationDescription: 0x7c7941040; sliceUUIDs='(\\n    \\\"72c1204d-9b82-35f0-8dcd-53cadbc1c5a6\\\"\\n)'>\",\n    \"<DVTITunesConnectGenerationDescription: 0x7c7941060; sliceUUIDs='(\\n)'>\"\n)', imageURL='https://a1.mzstatic.com/us/r30/Purple211/v4/23/d2/8b/23d28b21-4e1f-f3af-a133-b68682cc7adc/AppIcon-0-0-1x_U007epad-0-1-85-220.png?downloadKey=1772510395_bf5ae73525bd36bb66eb6b436a8d7c6d', extensions='(\n)', appClips='(\n)', extensionlessWatchApps='(\n)', supportedOSVersions='(\n    \"16.0\",\n    \"16.1\",\n    \"16.2\",\n    \"16.3\",\n    \"16.4\",\n    \"16.5\",\n    \"16.6\",\n    \"17.0\",\n    \"17.1\",\n    \"17.2\",\n    \"17.3\",\n    \"17.4\",\n    \"17.5\",\n    \"17.6\",\n    \"17.7\",\n    \"18.0\",\n    \"18.1\",\n    \"18.2\",\n    \"18.3\",\n    \"18.4\",\n    \"18.5\",\n    \"18.6\",\n    \"18.7\",\n    \"2.0\",\n    \"2.1\",\n    \"2.2\",\n    \"26.0\",\n    \"26.1\",\n    \"26.2\",\n    \"26.3\",\n    \"3.0\",\n    \"3.1\",\n    \"3.2\",\n    \"4.0\",\n    \"4.1\",\n    \"4.2\",\n    \"4.3\",\n    \"5.0\",\n    \"5.1\",\n    \"6.0\",\n    \"6.1\",\n    \"7.0\",\n    \"7.1\",\n    \"8.0\",\n    \"8.1\",\n    \"8.2\",\n    \"8.3\",\n    \"8.4\",\n    \"9.0\",\n    \"9.1\",\n    \"9.2\",\n    \"9.3\",\n    \"9.9\"\n)', supportedDevices='(\n)', wasApprovedForInternalTestFlightDistribution='1', wasApprovedForPrereleaseDistribution='0', wasApprovedForSaleDistribution='1'>",
    "<DVTITunesConnectApplicationVersionDescription: 0x7c6f55360; name='Maui Trolly', displayableDescription='(null)', platformIdentifier='com.apple.platform.iphoneos', bundleIdentifier='com.mauiTrolly.app', marketingVersion='(null)', shortVersion='2.1', version='1', generations='(\n    \"<DVTITunesConnectGenerationDescription: 0x7c79410a0; sliceUUIDs='(\\n    \\\"72c1204d-9b82-35f0-8dcd-53cadbc1c5a6\\\"\\n)'>\",\n    \"<DVTITunesConnectGenerationDescription: 0x7c79410c0; sliceUUIDs='(\\n)'>\"\n)', imageURL='https://a1.mzstatic.com/us/r30/Purple211/v4/23/d2/8b/23d28b21-4e1f-f3af-a133-b68682cc7adc/AppIcon-0-0-1x_U007epad-0-1-85-220.png?downloadKey=1772510395_bf5ae73525bd36bb66eb6b436a8d7c6d', extensions='(\n)', appClips='(\n)', extensionlessWatchApps='(\n)', supportedOSVersions='(\n    \"16.0\",\n    \"16.1\",\n    \"16.2\",\n    \"16.3\",\n    \"16.4\",\n    \"16.5\",\n    \"16.6\",\n    \"17.0\",\n    \"17.1\",\n    \"17.2\",\n    \"17.3\",\n    \"17.4\",\n    \"17.5\",\n    \"17.6\",\n    \"17.7\",\n    \"18.0\",\n    \"18.1\",\n    \"18.2\",\n    \"18.3\",\n    \"18.4\",\n    \"18.5\",\n    \"18.6\",\n    \"18.7\",\n    \"2.0\",\n    \"2.1\",\n    \"2.2\",\n    \"26.0\",\n    \"26.1\",\n    \"26.2\",\n    \"26.3\",\n    \"3.0\",\n    \"3.1\",\n    \"3.2\",\n    \"4.0\",\n    \"4.1\",\n    \"4.2\",\n    \"4.3\",\n    \"5.0\",\n    \"5.1\",\n    \"6.0\",\n    \"6.1\",\n    \"7.0\",\n    \"7.1\",\n    \"8.0\",\n    \"8.1\",\n    \"8.2\",\n    \"8.3\",\n    \"8.4\",\n    \"9.0\",\n    \"9.1\",\n    \"9.2\",\n    \"9.3\",\n    \"9.9\"\n)', supportedDevices='(\n)', wasApprovedForInternalTestFlightDistribution='1', wasApprovedForPrereleaseDistribution='0', wasApprovedForSaleDistribution='0'>",
    "<DVTITunesConnectApplicationVersionDescription: 0x7c6f55400; name='Maui Trolly', displayableDescription='(null)', platformIdentifier='com.apple.platform.iphoneos', bundleIdentifier='com.mauiTrolly.app', marketingVersion='(null)', shortVersion='2.5', version='1', generations='(\n    \"<DVTITunesConnectGenerationDescription: 0x7c7941100; sliceUUIDs='(\\n    \\\"b1a1212e-b666-37cf-85b3-569645b74a21\\\"\\n)'>\",\n    \"<DVTITunesConnectGenerationDescription: 0x7c7941120; sliceUUIDs='(\\n)'>\"\n)', imageURL='https://a1.mzstatic.com/us/r30/Purple211/v4/23/d2/8b/23d28b21-4e1f-f3af-a133-b68682cc7adc/AppIcon-0-0-1x_U007epad-0-1-85-220.png?downloadKey=1772510395_bf5ae73525bd36bb66eb6b436a8d7c6d', extensions='(\n)', appClips='(\n)', extensionlessWatchApps='(\n)', supportedOSVersions='(\n    \"16.0\",\n    \"16.1\",\n    \"16.2\",\n    \"16.3\",\n    \"16.4\",\n    \"16.5\",\n    \"16.6\",\n    \"17.0\",\n    \"17.1\",\n    \"17.2\",\n    \"17.3\",\n    \"17.4\",\n    \"17.5\",\n    \"17.6\",\n    \"17.7\",\n    \"18.0\",\n    \"18.1\",\n    \"18.2\",\n    \"18.3\",\n    \"18.4\",\n    \"18.5\",\n    \"18.6\",\n    \"18.7\",\n    \"2.0\",\n    \"2.1\",\n    \"2.2\",\n    \"26.0\",\n    \"26.1\",\n    \"26.2\",\n    \"26.3\",\n    \"3.0\",\n    \"3.1\",\n    \"3.2\",\n    \"4.0\",\n    \"4.1\",\n    \"4.2\",\n    \"4.3\",\n    \"5.0\",\n    \"5.1\",\n    \"6.0\",\n    \"6.1\",\n    \"7.0\",\n    \"7.1\",\n    \"8.0\",\n    \"8.1\",\n    \"8.2\",\n    \"8.3\",\n    \"8.4\",\n    \"9.0\",\n    \"9.1\",\n    \"9.2\",\n    \"9.3\",\n    \"9.9\"\n)', supportedDevices='(\n)', wasApprovedForInternalTestFlightDistribution='1', wasApprovedForPrereleaseDistribution='0', wasApprovedForSaleDistribution='0'>"
)'>; error: (null)
2026-02-24 04:00:01 +0000  App Store Connect versions response: <DVTITunesConnectVersionsResponse: 0x7c8040540; isSuccessful='1', errors='(null)', warnings='(null)', infoMessages='(null)', versions='(
    "<DVTITunesConnectApplicationVersionDescription: 0x7c6f55220; name='The Commission - Sports', displayableDescription='(null)', platformIdentifier='com.apple.platform.iphoneos', bundleIdentifier='com.jbaker00.thecommission', marketingVersion='(null)', shortVersion='1.2', version='1', generations='(\n    \"<DVTITunesConnectGenerationDescription: 0x7c7940120; sliceUUIDs='(\\n    \\\"5a4060e1-bdcd-39af-a709-581870c069c2\\\"\\n)'>\",\n    \"<DVTITunesConnectGenerationDescription: 0x7c79400e0; sliceUUIDs='(\\n)'>\"\n)', imageURL='(null)', extensions='(\n)', appClips='(\n)', extensionlessWatchApps='(\n)', supportedOSVersions='(\n    \"15.0\",\n    \"15.1\",\n    \"15.2\",\n    \"15.3\",\n    \"15.4\",\n    \"15.5\",\n    \"15.6\",\n    \"15.7\",\n    \"15.8\",\n    \"16.0\",\n    \"16.1\",\n    \"16.2\",\n    \"16.3\",\n    \"16.4\",\n    \"16.5\",\n    \"16.6\",\n    \"17.0\",\n    \"17.1\",\n    \"17.2\",\n    \"17.3\",\n    \"17.4\",\n    \"17.5\",\n    \"17.6\",\n    \"17.7\",\n    \"18.0\",\n    \"18.1\",\n    \"18.2\",\n    \"18.3\",\n    \"18.4\",\n    \"18.5\",\n    \"18.6\",\n    \"18.7\",\n    \"2.0\",\n    \"2.1\",\n    \"2.2\",\n    \"26.0\",\n    \"26.1\",\n    \"26.2\",\n    \"26.3\",\n    \"3.0\",\n    \"3.1\",\n    \"3.2\",\n    \"4.0\",\n    \"4.1\",\n    \"4.2\",\n    \"4.3\",\n    \"5.0\",\n    \"5.1\",\n    \"6.0\",\n    \"6.1\",\n    \"7.0\",\n    \"7.1\",\n    \"8.0\",\n    \"8.1\",\n    \"8.2\",\n    \"8.3\",\n    \"8.4\",\n    \"9.0\",\n    \"9.1\",\n    \"9.2\",\n    \"9.3\",\n    \"9.9\"\n)', supportedDevices='(\n)', wasApprovedForInternalTestFlightDistribution='1', wasApprovedForPrereleaseDistribution='0', wasApprovedForSaleDistribution='0'>",
    "<DVTITunesConnectApplicationVersionDescription: 0x7c6f55180; name='The Commission - Sports', displayableDescription='(null)', platformIdentifier='com.apple.platform.iphoneos', bundleIdentifier='com.jbaker00.thecommission', marketingVersion='(null)', shortVersion='1.0', version='1', generations='(\n    \"<DVTITunesConnectGenerationDescription: 0x7c7940180; sliceUUIDs='(\\n    \\\"6fe90de5-e688-3f89-95b7-8b0bebb3bfbe\\\"\\n)'>\",\n    \"<DVTITunesConnectGenerationDescription: 0x7c79401a0; sliceUUIDs='(\\n)'>\"\n)', imageURL='(null)', extensions='(\n)', appClips='(\n)', extensionlessWatchApps='(\n)', supportedOSVersions='(\n    \"15.0\",\n    \"15.1\",\n    \"15.2\",\n    \"15.3\",\n    \"15.4\",\n    \"15.5\",\n    \"15.6\",\n    \"15.7\",\n    \"15.8\",\n    \"16.0\",\n    \"16.1\",\n    \"16.2\",\n    \"16.3\",\n    \"16.4\",\n    \"16.5\",\n    \"16.6\",\n    \"17.0\",\n    \"17.1\",\n    \"17.2\",\n    \"17.3\",\n    \"17.4\",\n    \"17.5\",\n    \"17.6\",\n    \"17.7\",\n    \"18.0\",\n    \"18.1\",\n    \"18.2\",\n    \"18.3\",\n    \"18.4\",\n    \"18.5\",\n    \"18.6\",\n    \"18.7\",\n    \"2.0\",\n    \"2.1\",\n    \"2.2\",\n    \"26.0\",\n    \"26.1\",\n    \"26.2\",\n    \"26.3\",\n    \"3.0\",\n    \"3.1\",\n    \"3.2\",\n    \"4.0\",\n    \"4.1\",\n    \"4.2\",\n    \"4.3\",\n    \"5.0\",\n    \"5.1\",\n    \"6.0\",\n    \"6.1\",\n    \"7.0\",\n    \"7.1\",\n    \"8.0\",\n    \"8.1\",\n    \"8.2\",\n    \"8.3\",\n    \"8.4\",\n    \"9.0\",\n    \"9.1\",\n    \"9.2\",\n    \"9.3\",\n    \"9.9\"\n)', supportedDevices='(\n)', wasApprovedForInternalTestFlightDistribution='1', wasApprovedForPrereleaseDistribution='0', wasApprovedForSaleDistribution='0'>"
)'>; error: (null)
2026-02-24 04:00:01 +0000  App Store Connect versions response: <DVTITunesConnectVersionsResponse: 0x7c8040480; isSuccessful='1', errors='(null)', warnings='(null)', infoMessages='(null)', versions='(
    "<DVTITunesConnectApplicationVersionDescription: 0x7c6f55220; name='ResortBrowser', displayableDescription='(null)', platformIdentifier='com.apple.platform.iphoneos', bundleIdentifier='com.globalvibes.ResortBrowser', marketingVersion='(null)', shortVersion='1.8', version='1', generations='(\n    \"<DVTITunesConnectGenerationDescription: 0x7c7733f80; sliceUUIDs='(\\n    \\\"61c1af83-716f-39da-a1bc-480a2d62836d\\\"\\n)'>\",\n    \"<DVTITunesConnectGenerationDescription: 0x7c7733f20; sliceUUIDs='(\\n)'>\"\n)', imageURL='https://a1.mzstatic.com/us/r30/Purple116/v4/52/65/e4/5265e4c5-cd02-a362-6eb5-49668299a412/AppIcon-0-0-1x_U007emarketing-0-7-0-85-220.png?downloadKey=1772510395_55d529e00695b5a7561b873cf59109e3', extensions='(\n)', appClips='(\n)', extensionlessWatchApps='(\n)', supportedOSVersions='(\n    \"15.0\",\n    \"15.1\",\n    \"15.2\",\n    \"15.3\",\n    \"15.4\",\n    \"15.5\",\n    \"15.6\",\n    \"15.7\",\n    \"15.8\",\n    \"16.0\",\n    \"16.1\",\n    \"16.2\",\n    \"16.3\",\n    \"16.4\",\n    \"16.5\",\n    \"16.6\",\n    \"17.0\",\n    \"17.1\",\n    \"17.2\",\n    \"17.3\",\n    \"17.4\",\n    \"17.5\",\n    \"17.6\",\n    \"17.7\",\n    \"18.0\",\n    \"18.1\",\n    \"18.2\",\n    \"18.3\",\n    \"18.4\",\n    \"18.5\",\n    \"18.6\",\n    \"18.7\",\n    \"2.0\",\n    \"2.1\",\n    \"2.2\",\n    \"26.0\",\n    \"26.1\",\n    \"26.2\",\n    \"26.3\",\n    \"3.0\",\n    \"3.1\",\n    \"3.2\",\n    \"4.0\",\n    \"4.1\",\n    \"4.2\",\n    \"4.3\",\n    \"5.0\",\n    \"5.1\",\n    \"6.0\",\n    \"6.1\",\n    \"7.0\",\n    \"7.1\",\n    \"8.0\",\n    \"8.1\",\n    \"8.2\",\n    \"8.3\",\n    \"8.4\",\n    \"9.0\",\n    \"9.1\",\n    \"9.2\",\n    \"9.3\",\n    \"9.9\"\n)', supportedDevices='(\n)', wasApprovedForInternalTestFlightDistribution='1', wasApprovedForPrereleaseDistribution='0', wasApprovedForSaleDistribution='1'>",
    "<DVTITunesConnectApplicationVersionDescription: 0x7c6f55180; name='ResortBrowser', displayableDescription='(null)', platformIdentifier='com.apple.platform.iphoneos', bundleIdentifier='com.globalvibes.ResortBrowser', marketingVersion='(null)', shortVersion='1.7', version='1', generations='(\n    \"<DVTITunesConnectGenerationDescription: 0x7c7733f40; sliceUUIDs='(\\n)'>\",\n    \"<DVTITunesConnectGenerationDescription: 0x7c7940000; sliceUUIDs='(\\n    \\\"76e94bab-8602-3cc5-ad6b-36d2f16b0678\\\"\\n)'>\"\n)', imageURL='https://a1.mzstatic.com/us/r30/Purple116/v4/52/65/e4/5265e4c5-cd02-a362-6eb5-49668299a412/AppIcon-0-0-1x_U007emarketing-0-7-0-85-220.png?downloadKey=1772510395_55d529e00695b5a7561b873cf59109e3', extensions='(\n)', appClips='(\n)', extensionlessWatchApps='(\n)', supportedOSVersions='(\n    \"15.0\",\n    \"15.1\",\n    \"15.2\",\n    \"15.3\",\n    \"15.4\",\n    \"15.5\",\n    \"15.6\",\n    \"15.7\",\n    \"15.8\",\n    \"16.0\",\n    \"16.1\",\n    \"16.2\",\n    \"16.3\",\n    \"16.4\",\n    \"16.5\",\n    \"16.6\",\n    \"17.0\",\n    \"17.1\",\n    \"17.2\",\n    \"17.3\",\n    \"17.4\",\n    \"17.5\",\n    \"17.6\",\n    \"17.7\",\n    \"18.0\",\n    \"18.1\",\n    \"18.2\",\n    \"18.3\",\n    \"18.4\",\n    \"18.5\",\n    \"18.6\",\n    \"18.7\",\n    \"2.0\",\n    \"2.1\",\n    \"2.2\",\n    \"26.0\",\n    \"26.1\",\n    \"26.2\",\n    \"26.3\",\n    \"3.0\",\n    \"3.1\",\n    \"3.2\",\n    \"4.0\",\n    \"4.1\",\n    \"4.2\",\n    \"4.3\",\n    \"5.0\",\n    \"5.1\",\n    \"6.0\",\n    \"6.1\",\n    \"7.0\",\n    \"7.1\",\n    \"8.0\",\n    \"8.1\",\n    \"8.2\",\n    \"8.3\",\n    \"8.4\",\n    \"9.0\",\n    \"9.1\",\n    \"9.2\",\n    \"9.3\",\n    \"9.9\"\n)', supportedDevices='(\n)', wasApprovedForInternalTestFlightDistribution='1', wasApprovedForPrereleaseDistribution='0', wasApprovedForSaleDistribution='1'>",
    "<DVTITunesConnectApplicationVersionDescription: 0x7c6f552c0; name='ResortBrowser', displayableDescription='(null)', platformIdentifier='com.apple.platform.iphoneos', bundleIdentifier='com.globalvibes.ResortBrowser', marketingVersion='(null)', shortVersion='2.0', version='1', generations='(\n    \"<DVTITunesConnectGenerationDescription: 0x7c7940060; sliceUUIDs='(\\n)'>\",\n    \"<DVTITunesConnectGenerationDescription: 0x7c7940080; sliceUUIDs='(\\n    \\\"c82c3287-123a-3903-bb34-63df2301ab59\\\"\\n)'>\"\n)', imageURL='https://a1.mzstatic.com/us/r30/Purple116/v4/52/65/e4/5265e4c5-cd02-a362-6eb5-49668299a412/AppIcon-0-0-1x_U007emarketing-0-7-0-85-220.png?downloadKey=1772510395_55d529e00695b5a7561b873cf59109e3', extensions='(\n)', appClips='(\n)', extensionlessWatchApps='(\n)', supportedOSVersions='(\n    \"15.0\",\n    \"15.1\",\n    \"15.2\",\n    \"15.3\",\n    \"15.4\",\n    \"15.5\",\n    \"15.6\",\n    \"15.7\",\n    \"15.8\",\n    \"16.0\",\n    \"16.1\",\n    \"16.2\",\n    \"16.3\",\n    \"16.4\",\n    \"16.5\",\n    \"16.6\",\n    \"17.0\",\n    \"17.1\",\n    \"17.2\",\n    \"17.3\",\n    \"17.4\",\n    \"17.5\",\n    \"17.6\",\n    \"17.7\",\n    \"18.0\",\n    \"18.1\",\n    \"18.2\",\n    \"18.3\",\n    \"18.4\",\n    \"18.5\",\n    \"18.6\",\n    \"18.7\",\n    \"2.0\",\n    \"2.1\",\n    \"2.2\",\n    \"26.0\",\n    \"26.1\",\n    \"26.2\",\n    \"26.3\",\n    \"3.0\",\n    \"3.1\",\n    \"3.2\",\n    \"4.0\",\n    \"4.1\",\n    \"4.2\",\n    \"4.3\",\n    \"5.0\",\n    \"5.1\",\n    \"6.0\",\n    \"6.1\",\n    \"7.0\",\n    \"7.1\",\n    \"8.0\",\n    \"8.1\",\n    \"8.2\",\n    \"8.3\",\n    \"8.4\",\n    \"9.0\",\n    \"9.1\",\n    \"9.2\",\n    \"9.3\",\n    \"9.9\"\n)', supportedDevices='(\n)', wasApprovedForInternalTestFlightDistribution='1', wasApprovedForPrereleaseDistribution='0', wasApprovedForSaleDistribution='0'>",
    "<DVTITunesConnectApplicationVersionDescription: 0x7c6f55360; name='ResortBrowser', displayableDescription='(null)', platformIdentifier='com.apple.platform.iphoneos', bundleIdentifier='com.globalvibes.ResortBrowser', marketingVersion='(null)', shortVersion='1.5', version='1', generations='(\n    \"<DVTITunesConnectGenerationDescription: 0x7c79400c0; sliceUUIDs='(\\n    \\\"d35ee441-2256-3709-bff5-9147ba5343bf\\\"\\n)'>\",\n    \"<DVTITunesConnectGenerationDescription: 0x7c79400e0; sliceUUIDs='(\\n)'>\"\n)', imageURL='https://a1.mzstatic.com/us/r30/Purple116/v4/52/65/e4/5265e4c5-cd02-a362-6eb5-49668299a412/AppIcon-0-0-1x_U007emarketing-0-7-0-85-220.png?downloadKey=1772510395_55d529e00695b5a7561b873cf59109e3', extensions='(\n)', appClips='(\n)', extensionlessWatchApps='(\n)', supportedOSVersions='(\n    \"15.0\",\n    \"15.1\",\n    \"15.2\",\n    \"15.3\",\n    \"15.4\",\n    \"15.5\",\n    \"15.6\",\n    \"15.7\",\n    \"15.8\",\n    \"16.0\",\n    \"16.1\",\n    \"16.2\",\n    \"16.3\",\n    \"16.4\",\n    \"16.5\",\n    \"16.6\",\n    \"17.0\",\n    \"17.1\",\n    \"17.2\",\n    \"17.3\",\n    \"17.4\",\n    \"17.5\",\n    \"17.6\",\n    \"17.7\",\n    \"18.0\",\n    \"18.1\",\n    \"18.2\",\n    \"18.3\",\n    \"18.4\",\n    \"18.5\",\n    \"18.6\",\n    \"18.7\",\n    \"2.0\",\n    \"2.1\",\n    \"2.2\",\n    \"26.0\",\n    \"26.1\",\n    \"26.2\",\n    \"26.3\",\n    \"3.0\",\n    \"3.1\",\n    \"3.2\",\n    \"4.0\",\n    \"4.1\",\n    \"4.2\",\n    \"4.3\",\n    \"5.0\",\n    \"5.1\",\n    \"6.0\",\n    \"6.1\",\n    \"7.0\",\n    \"7.1\",\n    \"8.0\",\n    \"8.1\",\n    \"8.2\",\n    \"8.3\",\n    \"8.4\",\n    \"9.0\",\n    \"9.1\",\n    \"9.2\",\n    \"9.3\",\n    \"9.9\"\n)', supportedDevices='(\n)', wasApprovedForInternalTestFlightDistribution='1', wasApprovedForPrereleaseDistribution='1', wasApprovedForSaleDistribution='1'>",
    "<DVTITunesConnectApplicationVersionDescription: 0x7c6f55400; name='ResortBrowser', displayableDescription='(null)', platformIdentifier='com.apple.platform.iphoneos', bundleIdentifier='com.globalvibes.ResortBrowser', marketingVersion='(null)', shortVersion='1.9', version='6', generations='(\n    \"<DVTITunesConnectGenerationDescription: 0x7c7940120; sliceUUIDs='(\\n)'>\",\n    \"<DVTITunesConnectGenerationDescription: 0x7c7940140; sliceUUIDs='(\\n    \\\"c771ecf5-320f-337a-9e58-b038f670bb75\\\"\\n)'>\"\n)', imageURL='https://a1.mzstatic.com/us/r30/Purple116/v4/52/65/e4/5265e4c5-cd02-a362-6eb5-49668299a412/AppIcon-0-0-1x_U007emarketing-0-7-0-85-220.png?downloadKey=1772510395_55d529e00695b5a7561b873cf59109e3', extensions='(\n)', appClips='(\n)', extensionlessWatchApps='(\n)', supportedOSVersions='(\n    \"15.0\",\n    \"15.1\",\n    \"15.2\",\n    \"15.3\",\n    \"15.4\",\n    \"15.5\",\n    \"15.6\",\n    \"15.7\",\n    \"15.8\",\n    \"16.0\",\n    \"16.1\",\n    \"16.2\",\n    \"16.3\",\n    \"16.4\",\n    \"16.5\",\n    \"16.6\",\n    \"17.0\",\n    \"17.1\",\n    \"17.2\",\n    \"17.3\",\n    \"17.4\",\n    \"17.5\",\n    \"17.6\",\n    \"17.7\",\n    \"18.0\",\n    \"18.1\",\n    \"18.2\",\n    \"18.3\",\n    \"18.4\",\n    \"18.5\",\n    \"18.6\",\n    \"18.7\",\n    \"2.0\",\n    \"2.1\",\n    \"2.2\",\n    \"26.0\",\n    \"26.1\",\n    \"26.2\",\n    \"26.3\",\n    \"3.0\",\n    \"3.1\",\n    \"3.2\",\n    \"4.0\",\n    \"4.1\",\n    \"4.2\",\n    \"4.3\",\n    \"5.0\",\n    \"5.1\",\n    \"6.0\",\n    \"6.1\",\n    \"7.0\",\n    \"7.1\",\n    \"8.0\",\n    \"8.1\",\n    \"8.2\",\n    \"8.3\",\n    \"8.4\",\n    \"9.0\",\n    \"9.1\",\n    \"9.2\",\n    \"9.3\",\n    \"9.9\"\n)', supportedDevices='(\n)', wasApprovedForInternalTestFlightDistribution='1', wasApprovedForPrereleaseDistribution='0', wasApprovedForSaleDistribution='0'>",
    "<DVTITunesConnectApplicationVersionDescription: 0x7c6f554a0; name='ResortBrowser', displayableDescription='(null)', platformIdentifier='com.apple.platform.iphoneos', bundleIdentifier='com.globalvibes.ResortBrowser', marketingVersion='(null)', shortVersion='1.4', version='1', generations='(\n    \"<DVTITunesConnectGenerationDescription: 0x7c7940180; sliceUUIDs='(\\n)'>\",\n    \"<DVTITunesConnectGenerationDescription: 0x7c79401a0; sliceUUIDs='(\\n    \\\"be6a3dbe-b6b8-30bb-bf4e-46a8a252b5ac\\\"\\n)'>\"\n)', imageURL='https://a1.mzstatic.com/us/r30/Purple116/v4/52/65/e4/5265e4c5-cd02-a362-6eb5-49668299a412/AppIcon-0-0-1x_U007emarketing-0-7-0-85-220.png?downloadKey=1772510395_55d529e00695b5a7561b873cf59109e3', extensions='(\n)', appClips='(\n)', extensionlessWatchApps='(\n)', supportedOSVersions='(\n    \"15.0\",\n    \"15.1\",\n    \"15.2\",\n    \"15.3\",\n    \"15.4\",\n    \"15.5\",\n    \"15.6\",\n    \"15.7\",\n    \"15.8\",\n    \"16.0\",\n    \"16.1\",\n    \"16.2\",\n    \"16.3\",\n    \"16.4\",\n    \"16.5\",\n    \"16.6\",\n    \"17.0\",\n    \"17.1\",\n    \"17.2\",\n    \"17.3\",\n    \"17.4\",\n    \"17.5\",\n    \"17.6\",\n    \"17.7\",\n    \"18.0\",\n    \"18.1\",\n    \"18.2\",\n    \"18.3\",\n    \"18.4\",\n    \"18.5\",\n    \"18.6\",\n    \"18.7\",\n    \"2.0\",\n    \"2.1\",\n    \"2.2\",\n    \"26.0\",\n    \"26.1\",\n    \"26.2\",\n    \"26.3\",\n    \"3.0\",\n    \"3.1\",\n    \"3.2\",\n    \"4.0\",\n    \"4.1\",\n    \"4.2\",\n    \"4.3\",\n    \"5.0\",\n    \"5.1\",\n    \"6.0\",\n    \"6.1\",\n    \"7.0\",\n    \"7.1\",\n    \"8.0\",\n    \"8.1\",\n    \"8.2\",\n    \"8.3\",\n    \"8.4\",\n    \"9.0\",\n    \"9.1\",\n    \"9.2\",\n    \"9.3\",\n    \"9.9\"\n)', supportedDevices='(\n)', wasApprovedForInternalTestFlightDistribution='1', wasApprovedForPrereleaseDistribution='0', wasApprovedForSaleDistribution='1'>",
    "<DVTITunesConnectApplicationVersionDescription: 0x7c6f55540; name='ResortBrowser', displayableDescription='(null)', platformIdentifier='com.apple.platform.iphoneos', bundleIdentifier='com.globalvibes.ResortBrowser', marketingVersion='(null)', shortVersion='1.6', version='1', generations='(\n    \"<DVTITunesConnectGenerationDescription: 0x7c79401e0; sliceUUIDs='(\\n)'>\",\n    \"<DVTITunesConnectGenerationDescription: 0x7c7940200; sliceUUIDs='(\\n    \\\"123b16ca-1e75-3488-b341-476f91972f64\\\"\\n)'>\"\n)', imageURL='https://a1.mzstatic.com/us/r30/Purple116/v4/52/65/e4/5265e4c5-cd02-a362-6eb5-49668299a412/AppIcon-0-0-1x_U007emarketing-0-7-0-85-220.png?downloadKey=1772510395_55d529e00695b5a7561b873cf59109e3', extensions='(\n)', appClips='(\n)', extensionlessWatchApps='(\n)', supportedOSVersions='(\n    \"15.0\",\n    \"15.1\",\n    \"15.2\",\n    \"15.3\",\n    \"15.4\",\n    \"15.5\",\n    \"15.6\",\n    \"15.7\",\n    \"15.8\",\n    \"16.0\",\n    \"16.1\",\n    \"16.2\",\n    \"16.3\",\n    \"16.4\",\n    \"16.5\",\n    \"16.6\",\n    \"17.0\",\n    \"17.1\",\n    \"17.2\",\n    \"17.3\",\n    \"17.4\",\n    \"17.5\",\n    \"17.6\",\n    \"17.7\",\n    \"18.0\",\n    \"18.1\",\n    \"18.2\",\n    \"18.3\",\n    \"18.4\",\n    \"18.5\",\n    \"18.6\",\n    \"18.7\",\n    \"2.0\",\n    \"2.1\",\n    \"2.2\",\n    \"26.0\",\n    \"26.1\",\n    \"26.2\",\n    \"26.3\",\n    \"3.0\",\n    \"3.1\",\n    \"3.2\",\n    \"4.0\",\n    \"4.1\",\n    \"4.2\",\n    \"4.3\",\n    \"5.0\",\n    \"5.1\",\n    \"6.0\",\n    \"6.1\",\n    \"7.0\",\n    \"7.1\",\n    \"8.0\",\n    \"8.1\",\n    \"8.2\",\n    \"8.3\",\n    \"8.4\",\n    \"9.0\",\n    \"9.1\",\n    \"9.2\",\n    \"9.3\",\n    \"9.9\"\n)', supportedDevices='(\n)', wasApprovedForInternalTestFlightDistribution='1', wasApprovedForPrereleaseDistribution='1', wasApprovedForSaleDistribution='1'>"
)'>; error: (null)
2026-02-24 04:00:02 +0000  App Store Connect versions response: <DVTITunesConnectVersionsResponse: 0x7c7911560; isSuccessful='1', errors='(null)', warnings='(null)', infoMessages='(null)', versions='(
    "<DVTITunesConnectApplicationVersionDescription: 0x7c6f55220; name='Suburban NJ - NYC Scheduler', displayableDescription='(null)', platformIdentifier='com.apple.platform.iphoneos', bundleIdentifier='Baker.SurburbanNJBusScheduler', marketingVersion='(null)', shortVersion='5.4', version='1', generations='(\n    \"<DVTITunesConnectGenerationDescription: 0x7c74d9bc0; sliceUUIDs='(\\n)'>\",\n    \"<DVTITunesConnectGenerationDescription: 0x7c74d9be0; sliceUUIDs='(\\n    \\\"89691821-f394-33e3-9a70-f626a3252a46\\\",\\n    \\\"441c4767-489f-3f61-b21d-0e445ad7b631\\\"\\n)'>\"\n)', imageURL='https://a2.mzstatic.com/us/r30/Purple113/v4/b9/10/0c/b9100c3e-0a45-e8d2-7824-42f3c0976ae2/AppIcon-0-0-1x_U007emarketing-0-0-0-7-0-85-220.png?downloadKey=1772510398_f0ee480aca17947b828bece92c2d2bf7', extensions='(\n)', appClips='(\n)', extensionlessWatchApps='(\n)', supportedOSVersions='(\n    \"9.0\",\n    \"9.1\",\n    \"9.2\",\n    \"9.3\",\n    \"9.9\"\n)', supportedDevices='(\n)', wasApprovedForInternalTestFlightDistribution='1', wasApprovedForPrereleaseDistribution='0', wasApprovedForSaleDistribution='0'>",
    "<DVTITunesConnectApplicationVersionDescription: 0x7c6f55180; name='Suburban NJ - NYC Scheduler', displayableDescription='(null)', platformIdentifier='com.apple.platform.iphoneos', bundleIdentifier='Baker.SurburbanNJBusScheduler', marketingVersion='(null)', shortVersion='5.1', version='1', generations='(\n    \"<DVTITunesConnectGenerationDescription: 0x7c74d9de0; sliceUUIDs='(\\n)'>\",\n    \"<DVTITunesConnectGenerationDescription: 0x7c74d9a80; sliceUUIDs='(\\n    \\\"9e351f54-f4e1-3877-8dbd-78a625fda1b8\\\",\\n    \\\"afa0b131-231b-38ef-9afb-98c59e7320ed\\\"\\n)'>\"\n)', imageURL='https://a2.mzstatic.com/us/r30/Purple113/v4/b9/10/0c/b9100c3e-0a45-e8d2-7824-42f3c0976ae2/AppIcon-0-0-1x_U007emarketing-0-0-0-7-0-85-220.png?downloadKey=1772510398_f0ee480aca17947b828bece92c2d2bf7', extensions='(\n)', appClips='(\n)', extensionlessWatchApps='(\n)', supportedOSVersions='(\n    \"9.0\",\n    \"9.1\",\n    \"9.2\",\n    \"9.3\",\n    \"9.9\"\n)', supportedDevices='(\n)', wasApprovedForInternalTestFlightDistribution='1', wasApprovedForPrereleaseDistribution='0', wasApprovedForSaleDistribution='0'>",
    "<DVTITunesConnectApplicationVersionDescription: 0x7c6f552c0; name='Suburban NJ - NYC Scheduler', displayableDescription='(null)', platformIdentifier='com.apple.platform.iphoneos', bundleIdentifier='Baker.SurburbanNJBusScheduler', marketingVersion='(null)', shortVersion='5.2', version='1', generations='(\n    \"<DVTITunesConnectGenerationDescription: 0x7c74d8b60; sliceUUIDs='(\\n    \\\"70edc71d-4ae9-3f8f-9b78-e8ec74a889aa\\\",\\n    \\\"db91c163-a812-3a44-a8a7-29977c0f6b01\\\"\\n)'>\",\n    \"<DVTITunesConnectGenerationDescription: 0x7c74d9b20; sliceUUIDs='(\\n)'>\"\n)', imageURL='https://a2.mzstatic.com/us/r30/Purple113/v4/b9/10/0c/b9100c3e-0a45-e8d2-7824-42f3c0976ae2/AppIcon-0-0-1x_U007emarketing-0-0-0-7-0-85-220.png?downloadKey=1772510398_f0ee480aca17947b828bece92c2d2bf7', extensions='(\n)', appClips='(\n)', extensionlessWatchApps='(\n)', supportedOSVersions='(\n    \"9.0\",\n    \"9.1\",\n    \"9.2\",\n    \"9.3\",\n    \"9.9\"\n)', supportedDevices='(\n)', wasApprovedForInternalTestFlightDistribution='1', wasApprovedForPrereleaseDistribution='0', wasApprovedForSaleDistribution='0'>",
    "<DVTITunesConnectApplicationVersionDescription: 0x7c6f55360; name='Suburban NJ - NYC Scheduler', displayableDescription='(null)', platformIdentifier='com.apple.platform.iphoneos', bundleIdentifier='Baker.SurburbanNJBusScheduler', marketingVersion='(null)', shortVersion='4.65', version='1', generations='(\n    \"<DVTITunesConnectGenerationDescription: 0x7c74d8860; sliceUUIDs='(\\n    \\\"07f61c2c-5a0a-3a2a-8d7a-c0857ba1e948\\\",\\n    \\\"f148c357-29c0-3a2f-bcec-e85e26761401\\\"\\n)'>\",\n    \"<DVTITunesConnectGenerationDescription: 0x7c74d9460; sliceUUIDs='(\\n    \\\"f148c357-29c0-3a2f-bcec-e85e26761401\\\",\\n    \\\"07f61c2c-5a0a-3a2a-8d7a-c0857ba1e948\\\"\\n)'>\"\n)', imageURL='https://a2.mzstatic.com/us/r30/Purple113/v4/b9/10/0c/b9100c3e-0a45-e8d2-7824-42f3c0976ae2/AppIcon-0-0-1x_U007emarketing-0-0-0-7-0-85-220.png?downloadKey=1772510398_f0ee480aca17947b828bece92c2d2bf7', extensions='(\n)', appClips='(\n)', extensionlessWatchApps='(\n)', supportedOSVersions='(\n    \"10.3\",\n    \"11.0\",\n    \"11.1\",\n    \"11.2\",\n    \"11.3\",\n    \"11.4\",\n    \"12.0\",\n    \"12.1\",\n    \"12.2\",\n    \"12.3\",\n    \"12.4\",\n    \"12.5\",\n    \"13.0\",\n    \"13.1\",\n    \"13.2\",\n    \"13.3\",\n    \"13.4\",\n    \"13.5\",\n    \"13.6\",\n    \"13.7\",\n    \"14.0\",\n    \"14.1\",\n    \"14.2\",\n    \"14.3\",\n    \"14.4\",\n    \"14.5\",\n    \"14.6\",\n    \"14.7\",\n    \"14.8\",\n    \"15.0\",\n    \"15.1\",\n    \"15.2\",\n    \"15.3\",\n    \"15.4\",\n    \"15.5\",\n    \"15.6\",\n    \"15.7\",\n    \"15.8\",\n    \"16.0\",\n    \"16.1\",\n    \"16.2\",\n    \"16.3\",\n    \"16.4\",\n    \"16.5\",\n    \"16.6\",\n    \"17.0\",\n    \"17.1\",\n    \"17.2\",\n    \"17.3\",\n    \"17.4\",\n    \"17.5\",\n    \"17.6\",\n    \"17.7\",\n    \"18.0\",\n    \"18.1\",\n    \"18.2\",\n    \"18.3\",\n    \"18.4\",\n    \"18.5\",\n    \"18.6\",\n    \"18.7\",\n    \"2.0\",\n    \"2.1\",\n    \"2.2\",\n    \"26.0\",\n    \"26.1\",\n    \"26.2\",\n    \"26.3\",\n    \"3.0\",\n    \"3.1\",\n    \"3.2\",\n    \"4.0\",\n    \"4.1\",\n    \"4.2\",\n    \"4.3\",\n    \"5.0\",\n    \"5.1\",\n    \"6.0\",\n    \"6.1\",\n    \"7.0\",\n    \"7.1\",\n    \"8.0\",\n    \"8.1\",\n    \"8.2\",\n    \"8.3\",\n    \"8.4\",\n    \"9.0\",\n    \"9.1\",\n    \"9.2\",\n    \"9.3\",\n    \"9.9\"\n)', supportedDevices='(\n)', wasApprovedForInternalTestFlightDistribution='1', wasApprovedForPrereleaseDistribution='0', wasApprovedForSaleDistribution='1'>",
    "<DVTITunesConnectApplicationVersionDescription: 0x7c6f55400; name='Suburban NJ - NYC Scheduler', displayableDescription='(null)', platformIdentifier='com.apple.platform.iphoneos', bundleIdentifier='Baker.SurburbanNJBusScheduler', marketingVersion='(null)', shortVersion='4.27', version='1', generations='(\n    \"<DVTITunesConnectGenerationDescription: 0x7c74d9820; sliceUUIDs='(\\n    \\\"5471a701-fe10-3751-9d8f-10ecda809bc7\\\",\\n    \\\"cf2edebf-7241-3936-9b62-0752683b3285\\\"\\n)'>\",\n    \"<DVTITunesConnectGenerationDescription: 0x7c74dab40; sliceUUIDs='(\\n    \\\"5471a701-fe10-3751-9d8f-10ecda809bc7\\\",\\n    \\\"cf2edebf-7241-3936-9b62-0752683b3285\\\"\\n)'>\"\n)', imageURL='https://a2.mzstatic.com/us/r30/Purple113/v4/b9/10/0c/b9100c3e-0a45-e8d2-7824-42f3c0976ae2/AppIcon-0-0-1x_U007emarketing-0-0-0-7-0-85-220.png?downloadKey=1772510398_f0ee480aca17947b828bece92c2d2bf7', extensions='(\n)', appClips='(\n)', extensionlessWatchApps='(\n)', supportedOSVersions='(\n    \"10.3\",\n    \"11.0\",\n    \"11.1\",\n    \"11.2\",\n    \"11.3\",\n    \"11.4\",\n    \"12.0\",\n    \"12.1\",\n    \"12.2\",\n    \"12.3\",\n    \"12.4\",\n    \"12.5\",\n    \"13.0\",\n    \"13.1\",\n    \"13.2\",\n    \"13.3\",\n    \"13.4\",\n    \"13.5\",\n    \"13.6\",\n    \"13.7\",\n    \"14.0\",\n    \"14.1\",\n    \"14.2\",\n    \"14.3\",\n    \"14.4\",\n    \"14.5\",\n    \"14.6\",\n    \"14.7\",\n    \"14.8\",\n    \"15.0\",\n    \"15.1\",\n    \"15.2\",\n    \"15.3\",\n    \"15.4\",\n    \"15.5\",\n    \"15.6\",\n    \"15.7\",\n    \"15.8\",\n    \"16.0\",\n    \"16.1\",\n    \"16.2\",\n    \"16.3\",\n    \"16.4\",\n    \"16.5\",\n    \"16.6\",\n    \"17.0\",\n    \"17.1\",\n    \"17.2\",\n    \"17.3\",\n    \"17.4\",\n    \"17.5\",\n    \"17.6\",\n    \"17.7\",\n    \"18.0\",\n    \"18.1\",\n    \"18.2\",\n    \"18.3\",\n    \"18.4\",\n    \"18.5\",\n    \"18.6\",\n    \"18.7\",\n    \"2.0\",\n    \"2.1\",\n    \"2.2\",\n    \"26.0\",\n    \"26.1\",\n    \"26.2\",\n    \"26.3\",\n    \"3.0\",\n    \"3.1\",\n    \"3.2\",\n    \"4.0\",\n    \"4.1\",\n    \"4.2\",\n    \"4.3\",\n    \"5.0\",\n    \"5.1\",\n    \"6.0\",\n    \"6.1\",\n    \"7.0\",\n    \"7.1\",\n    \"8.0\",\n    \"8.1\",\n    \"8.2\",\n    \"8.3\",\n    \"8.4\",\n    \"9.0\",\n    \"9.1\",\n    \"9.2\",\n    \"9.3\",\n    \"9.9\"\n)', supportedDevices='(\n)', wasApprovedForInternalTestFlightDistribution='1', wasApprovedForPrereleaseDistribution='0', wasApprovedForSaleDistribution='1'>",
    "<DVTITunesConnectApplicationVersionDescription: 0x7c6f554a0; name='Suburban NJ - NYC Scheduler', displayableDescription='(null)', platformIdentifier='com.apple.platform.iphoneos', bundleIdentifier='Baker.SurburbanNJBusScheduler', marketingVersion='(null)', shortVersion='5.3', version='1', generations='(\n    \"<DVTITunesConnectGenerationDescription: 0x7c74db620; sliceUUIDs='(\\n    \\\"2afc41d1-3664-3687-82c2-86c21df04b88\\\",\\n    \\\"1d1f0c23-73bf-313d-a529-33fe0ab5e588\\\"\\n)'>\",\n    \"<DVTITunesConnectGenerationDescription: 0x7c74db740; sliceUUIDs='(\\n)'>\"\n)', imageURL='https://a2.mzstatic.com/us/r30/Purple113/v4/b9/10/0c/b9100c3e-0a45-e8d2-7824-42f3c0976ae2/AppIcon-0-0-1x_U007emarketing-0-0-0-7-0-85-220.png?downloadKey=1772510398_f0ee480aca17947b828bece92c2d2bf7', extensions='(\n)', appClips='(\n)', extensionlessWatchApps='(\n)', supportedOSVersions='(\n    \"9.0\",\n    \"9.1\",\n    \"9.2\",\n    \"9.3\",\n    \"9.9\"\n)', supportedDevices='(\n)', wasApprovedForInternalTestFlightDistribution='1', wasApprovedForPrereleaseDistribution='0', wasApprovedForSaleDistribution='0'>",
    "<DVTITunesConnectApplicationVersionDescription: 0x7c6f55540; name='Suburban NJ - NYC Scheduler', displayableDescription='(null)', platformIdentifier='com.apple.platform.iphoneos', bundleIdentifier='Baker.SurburbanNJBusScheduler', marketingVersion='(null)', shortVersion='4.66', version='1', generations='(\n    \"<DVTITunesConnectGenerationDescription: 0x7c74da000; sliceUUIDs='(\\n    \\\"4494c16b-efe5-3a98-9fbe-15504dd21c99\\\",\\n    \\\"23dbf1e6-617a-3103-b8e3-e66866a78d2d\\\"\\n)'>\",\n    \"<DVTITunesConnectGenerationDescription: 0x7c74dbc00; sliceUUIDs='(\\n    \\\"4494c16b-efe5-3a98-9fbe-15504dd21c99\\\",\\n    \\\"23dbf1e6-617a-3103-b8e3-e66866a78d2d\\\"\\n)'>\"\n)', imageURL='https://a2.mzstatic.com/us/r30/Purple113/v4/b9/10/0c/b9100c3e-0a45-e8d2-7824-42f3c0976ae2/AppIcon-0-0-1x_U007emarketing-0-0-0-7-0-85-220.png?downloadKey=1772510398_f0ee480aca17947b828bece92c2d2bf7', extensions='(\n)', appClips='(\n)', extensionlessWatchApps='(\n)', supportedOSVersions='(\n    \"10.3\",\n    \"11.0\",\n    \"11.1\",\n    \"11.2\",\n    \"11.3\",\n    \"11.4\",\n    \"12.0\",\n    \"12.1\",\n    \"12.2\",\n    \"12.3\",\n    \"12.4\",\n    \"12.5\",\n    \"13.0\",\n    \"13.1\",\n    \"13.2\",\n    \"13.3\",\n    \"13.4\",\n    \"13.5\",\n    \"13.6\",\n    \"13.7\",\n    \"14.0\",\n    \"14.1\",\n    \"14.2\",\n    \"14.3\",\n    \"14.4\",\n    \"14.5\",\n    \"14.6\",\n    \"14.7\",\n    \"14.8\",\n    \"15.0\",\n    \"15.1\",\n    \"15.2\",\n    \"15.3\",\n    \"15.4\",\n    \"15.5\",\n    \"15.6\",\n    \"15.7\",\n    \"15.8\",\n    \"16.0\",\n    \"16.1\",\n    \"16.2\",\n    \"16.3\",\n    \"16.4\",\n    \"16.5\",\n    \"16.6\",\n    \"17.0\",\n    \"17.1\",\n    \"17.2\",\n    \"17.3\",\n    \"17.4\",\n    \"17.5\",\n    \"17.6\",\n    \"17.7\",\n    \"18.0\",\n    \"18.1\",\n    \"18.2\",\n    \"18.3\",\n    \"18.4\",\n    \"18.5\",\n    \"18.6\",\n    \"18.7\",\n    \"2.0\",\n    \"2.1\",\n    \"2.2\",\n    \"26.0\",\n    \"26.1\",\n    \"26.2\",\n    \"26.3\",\n    \"3.0\",\n    \"3.1\",\n    \"3.2\",\n    \"4.0\",\n    \"4.1\",\n    \"4.2\",\n    \"4.3\",\n    \"5.0\",\n    \"5.1\",\n    \"6.0\",\n    \"6.1\",\n    \"7.0\",\n    \"7.1\",\n    \"8.0\",\n    \"8.1\",\n    \"8.2\",\n    \"8.3\",\n    \"8.4\",\n    \"9.0\",\n    \"9.1\",\n    \"9.2\",\n    \"9.3\",\n    \"9.9\"\n)', supportedDevices='(\n)', wasApprovedForInternalTestFlightDistribution='1', wasApprovedForPrereleaseDistribution='0', wasApprovedForSaleDistribution='1'>",
    "<DVTITunesConnectApplicationVersionDescription: 0x7c6f555e0; name='Suburban NJ - NYC Scheduler', displayableDescription='(null)', platformIdentifier='com.apple.platform.iphoneos', bundleIdentifier='Baker.SurburbanNJBusScheduler', marketingVersion='(null)', shortVersion='4.60', version='1', generations='(\n    \"<DVTITunesConnectGenerationDescription: 0x7c74da0a0; sliceUUIDs='(\\n    \\\"f9113851-d094-30ee-a852-e93bf6c95f9e\\\",\\n    \\\"b6431d0e-f8ec-3124-98c8-e6d6e9ffbb54\\\"\\n)'>\",\n    \"<DVTITunesConnectGenerationDescription: 0x7c74d9940; sliceUUIDs='(\\n    \\\"f9113851-d094-30ee-a852-e93bf6c95f9e\\\",\\n    \\\"b6431d0e-f8ec-3124-98c8-e6d6e9ffbb54\\\"\\n)'>\"\n)', imageURL='https://a2.mzstatic.com/us/r30/Purple113/v4/b9/10/0c/b9100c3e-0a45-e8d2-7824-42f3c0976ae2/AppIcon-0-0-1x_U007emarketing-0-0-0-7-0-85-220.png?downloadKey=1772510398_f0ee480aca17947b828bece92c2d2bf7', extensions='(\n)', appClips='(\n)', extensionlessWatchApps='(\n)', supportedOSVersions='(\n    \"10.3\",\n    \"11.0\",\n    \"11.1\",\n    \"11.2\",\n    \"11.3\",\n    \"11.4\",\n    \"12.0\",\n    \"12.1\",\n    \"12.2\",\n    \"12.3\",\n    \"12.4\",\n    \"12.5\",\n    \"13.0\",\n    \"13.1\",\n    \"13.2\",\n    \"13.3\",\n    \"13.4\",\n    \"13.5\",\n    \"13.6\",\n    \"13.7\",\n    \"14.0\",\n    \"14.1\",\n    \"14.2\",\n    \"14.3\",\n    \"14.4\",\n    \"14.5\",\n    \"14.6\",\n    \"14.7\",\n    \"14.8\",\n    \"15.0\",\n    \"15.1\",\n    \"15.2\",\n    \"15.3\",\n    \"15.4\",\n    \"15.5\",\n    \"15.6\",\n    \"15.7\",\n    \"15.8\",\n    \"16.0\",\n    \"16.1\",\n    \"16.2\",\n    \"16.3\",\n    \"16.4\",\n    \"16.5\",\n    \"16.6\",\n    \"17.0\",\n    \"17.1\",\n    \"17.2\",\n    \"17.3\",\n    \"17.4\",\n    \"17.5\",\n    \"17.6\",\n    \"17.7\",\n    \"18.0\",\n    \"18.1\",\n    \"18.2\",\n    \"18.3\",\n    \"18.4\",\n    \"18.5\",\n    \"18.6\",\n    \"18.7\",\n    \"2.0\",\n    \"2.1\",\n    \"2.2\",\n    \"26.0\",\n    \"26.1\",\n    \"26.2\",\n    \"26.3\",\n    \"3.0\",\n    \"3.1\",\n    \"3.2\",\n    \"4.0\",\n    \"4.1\",\n    \"4.2\",\n    \"4.3\",\n    \"5.0\",\n    \"5.1\",\n    \"6.0\",\n    \"6.1\",\n    \"7.0\",\n    \"7.1\",\n    \"8.0\",\n    \"8.1\",\n    \"8.2\",\n    \"8.3\",\n    \"8.4\",\n    \"9.0\",\n    \"9.1\",\n    \"9.2\",\n    \"9.3\",\n    \"9.9\"\n)', supportedDevices='(\n)', wasApprovedForInternalTestFlightDistribution='1', wasApprovedForPrereleaseDistribution='0', wasApprovedForSaleDistribution='1'>",
    "<DVTITunesConnectApplicationVersionDescription: 0x7c6f55680; name='Suburban NJ - NYC Scheduler', displayableDescription='(null)', platformIdentifier='com.apple.platform.iphoneos', bundleIdentifier='Baker.SurburbanNJBusScheduler', marketingVersion='(null)', shortVersion='5.5', version='1', generations='(\n    \"<DVTITunesConnectGenerationDescription: 0x7c74dbe20; sliceUUIDs='(\\n    \\\"a0372ac4-1b4f-319a-92db-64262a8bea15\\\",\\n    \\\"884a1e63-ef21-3a14-ba7a-c0a8c132bf7f\\\"\\n)'>\",\n    \"<DVTITunesConnectGenerationDescription: 0x7c74db6a0; sliceUUIDs='(\\n)'>\"\n)', imageURL='https://a2.mzstatic.com/us/r30/Purple113/v4/b9/10/0c/b9100c3e-0a45-e8d2-7824-42f3c0976ae2/AppIcon-0-0-1x_U007emarketing-0-0-0-7-0-85-220.png?downloadKey=1772510398_f0ee480aca17947b828bece92c2d2bf7', extensions='(\n)', appClips='(\n)', extensionlessWatchApps='(\n)', supportedOSVersions='(\n    \"9.0\",\n    \"9.1\",\n    \"9.2\",\n    \"9.3\",\n    \"9.9\"\n)', supportedDevices='(\n)', wasApprovedForInternalTestFlightDistribution='1', wasApprovedForPrereleaseDistribution='0', wasApprovedForSaleDistribution='1'>"
)'>; error: (null)
