2026-02-24 03:59:50 +0000 [MT] Beginning distribution assistant for archive: NYCBusScheduler, task: 2
2026-02-24 03:59:50 +0000 [MT] state.isLastStepViewControllerNameKnown = 0
2026-02-24 03:59:50 +0000 [MT] state.isLastStepViewControllerNameKnown = 0
2026-02-24 03:59:53 +0000 [MT] Proceeding to distribution step IDEDistributionPlanDriverStepViewController, context: <IDEDistributionContext: 0xc079e9180; archive(resolved)="<IDEArchive: 0xc24e77db0>", distributionTask(resolved)="2", distributionDestination(resolved)="(null)", distributionMethod(resolved)="(null)", team(resolved)="(null)">
	Chain (3, self inclusive):
	<IDEDistributionContext: 0xc079e9180; archive = "<IDEArchive: 0xc24e77db0>", distributionMethod="(null)", team="(null)">
	<IDEDistributionContext: 0xc07b9ef80; archive = "<IDEArchive: 0xc24e77db0>", distributionMethod="(null)", team="(null)">
	<IDEDistributionContext: 0xc07b9d180; archive = "<IDEArchive: 0xc24e77db0>", distributionMethod="(null)", team="(null)">
</IDEDistributionContext: 0xc079e9180>
2026-02-24 03:59:53 +0000 [MT] state.isLastStepViewControllerNameKnown = 0
2026-02-24 03:59:53 +0000  Starting export with options: {"embedOnDemandResourcesAssetPacksInBundle":false,"raiseProfileSupportOptionalToRequired":false,"generateAppStoreInformation":false,"uploadSymbols":true,"destination":"upload","thinning":"<none>","stripSwiftSymbols":true,"manageAppVersionAndBuildNumber":true,"signingStyle":"automatic","testFlightInternalTestingOnly":false,"method":"app-store-connect"}
2026-02-24 03:59:53 +0000  Running step: IDEDistributionAnalyzeArchiveStep with <IDEDistributionContext: 0xc079b3480; archive(resolved)="<IDEArchive: 0xc24e77db0>", distributionTask(resolved)="2", distributionDestination(resolved)="2", distributionMethod(resolved)="<IDEDistributionMethodiOSAppStoreDistribution: 0xc22a802a0>", team(resolved)="(null)">
	Chain (5, self inclusive):
	<IDEDistributionContext: 0xc079b3480; archive = "<IDEArchive: 0xc24e77db0>", distributionMethod="<IDEDistributionMethodiOSAppStoreDistribution: 0xc22a802a0>", team="(null)">
	<IDEDistributionContext: 0xc079b2f80; archive = "<IDEArchive: 0xc24e77db0>", distributionMethod="<IDEDistributionMethodiOSAppStoreDistribution: 0xc22a802a0>", team="(null)">
	<IDEDistributionContext: 0xc079e9180; archive = "<IDEArchive: 0xc24e77db0>", distributionMethod="(null)", team="(null)">
	<IDEDistributionContext: 0xc07b9ef80; archive = "<IDEArchive: 0xc24e77db0>", distributionMethod="(null)", team="(null)">
	<IDEDistributionContext: 0xc07b9d180; archive = "<IDEArchive: 0xc24e77db0>", distributionMethod="(null)", team="(null)">
</IDEDistributionContext: 0xc079b3480>
2026-02-24 03:59:53 +0000  Running step: IDEDistributionTeamStep with <IDEDistributionContext: 0xc079b3200; archive(resolved)="<IDEArchive: 0xc24e77db0>", distributionTask(resolved)="2", distributionDestination(resolved)="2", distributionMethod(resolved)="<IDEDistributionMethodiOSAppStoreDistribution: 0xc22a802a0>", team(resolved)="<IDEProvisioningDisambiguatableBasicTeam: 0xc0d1b28c0; teamID='G3P9A8Z2NP', teamName='James Baker', teamType='Individual', username='jbaker_00@msn.com', isFreeProvisioningTeam='0'>">
	Chain (6, self inclusive):
	<IDEDistributionContext: 0xc079b3200; archive = "<IDEArchive: 0xc24e77db0>", distributionMethod="<IDEDistributionMethodiOSAppStoreDistribution: 0xc22a802a0>", team="<IDEProvisioningDisambiguatableBasicTeam: 0xc0d1b28c0; teamID='G3P9A8Z2NP', teamName='James Baker', teamType='Individual', username='jbaker_00@msn.com', isFreeProvisioningTeam='0'>">
	<IDEDistributionContext: 0xc079b3480; archive = "<IDEArchive: 0xc24e77db0>", distributionMethod="<IDEDistributionMethodiOSAppStoreDistribution: 0xc22a802a0>", team="(null)">
	<IDEDistributionContext: 0xc079b2f80; archive = "<IDEArchive: 0xc24e77db0>", distributionMethod="<IDEDistributionMethodiOSAppStoreDistribution: 0xc22a802a0>", team="(null)">
	<IDEDistributionContext: 0xc079e9180; archive = "<IDEArchive: 0xc24e77db0>", distributionMethod="(null)", team="(null)">
	<IDEDistributionContext: 0xc07b9ef80; archive = "<IDEArchive: 0xc24e77db0>", distributionMethod="(null)", team="(null)">
	<IDEDistributionContext: 0xc07b9d180; archive = "<IDEArchive: 0xc24e77db0>", distributionMethod="(null)", team="(null)">
</IDEDistributionContext: 0xc079b3200>
2026-02-24 03:59:53 +0000  Running step: IDEDistributionUploadAccountStep with <IDEDistributionContext: 0xc079b0a00; archive(resolved)="<IDEArchive: 0xc24e77db0>", distributionTask(resolved)="2", distributionDestination(resolved)="2", distributionMethod(resolved)="<IDEDistributionMethodiOSAppStoreDistribution: 0xc22a802a0>", team(resolved)="<IDEProvisioningDisambiguatableBasicTeam: 0xc0d1b28c0; teamID='G3P9A8Z2NP', teamName='James Baker', teamType='Individual', username='jbaker_00@msn.com', isFreeProvisioningTeam='0'>">
	Chain (7, self inclusive):
	<IDEDistributionContext: 0xc079b0a00; archive = "<IDEArchive: 0xc24e77db0>", distributionMethod="<IDEDistributionMethodiOSAppStoreDistribution: 0xc22a802a0>", team="<IDEProvisioningDisambiguatableBasicTeam: 0xc0d1b28c0; teamID='G3P9A8Z2NP', teamName='James Baker', teamType='Individual', username='jbaker_00@msn.com', isFreeProvisioningTeam='0'>">
	<IDEDistributionContext: 0xc079b3200; archive = "<IDEArchive: 0xc24e77db0>", distributionMethod="<IDEDistributionMethodiOSAppStoreDistribution: 0xc22a802a0>", team="<IDEProvisioningDisambiguatableBasicTeam: 0xc0d1b28c0; teamID='G3P9A8Z2NP', teamName='James Baker', teamType='Individual', username='jbaker_00@msn.com', isFreeProvisioningTeam='0'>">
	<IDEDistributionContext: 0xc079b3480; archive = "<IDEArchive: 0xc24e77db0>", distributionMethod="<IDEDistributionMethodiOSAppStoreDistribution: 0xc22a802a0>", team="(null)">
	<IDEDistributionContext: 0xc079b2f80; archive = "<IDEArchive: 0xc24e77db0>", distributionMethod="<IDEDistributionMethodiOSAppStoreDistribution: 0xc22a802a0>", team="(null)">
	<IDEDistributionContext: 0xc079e9180; archive = "<IDEArchive: 0xc24e77db0>", distributionMethod="(null)", team="(null)">
	<IDEDistributionContext: 0xc07b9ef80; archive = "<IDEArchive: 0xc24e77db0>", distributionMethod="(null)", team="(null)">
	<IDEDistributionContext: 0xc07b9d180; archive = "<IDEArchive: 0xc24e77db0>", distributionMethod="(null)", team="(null)">
</IDEDistributionContext: 0xc079b0a00>
2026-02-24 03:59:54 +0000  Running step: IDEDistributionFetchAppRecordStep with <IDEDistributionContext: 0xc079b0500; archive(resolved)="<IDEArchive: 0xc24e77db0>", distributionTask(resolved)="2", distributionDestination(resolved)="2", distributionMethod(resolved)="<IDEDistributionMethodiOSAppStoreDistribution: 0xc22a802a0>", team(resolved)="<IDEProvisioningDisambiguatableBasicTeam: 0xc0d1b28c0; teamID='G3P9A8Z2NP', teamName='James Baker', teamType='Individual', username='jbaker_00@msn.com', isFreeProvisioningTeam='0'>">
	Chain (8, self inclusive):
	<IDEDistributionContext: 0xc079b0500; archive = "<IDEArchive: 0xc24e77db0>", distributionMethod="<IDEDistributionMethodiOSAppStoreDistribution: 0xc22a802a0>", team="<IDEProvisioningDisambiguatableBasicTeam: 0xc0d1b28c0; teamID='G3P9A8Z2NP', teamName='James Baker', teamType='Individual', username='jbaker_00@msn.com', isFreeProvisioningTeam='0'>">
	<IDEDistributionContext: 0xc079b0a00; archive = "<IDEArchive: 0xc24e77db0>", distributionMethod="<IDEDistributionMethodiOSAppStoreDistribution: 0xc22a802a0>", team="<IDEProvisioningDisambiguatableBasicTeam: 0xc0d1b28c0; teamID='G3P9A8Z2NP', teamName='James Baker', teamType='Individual', username='jbaker_00@msn.com', isFreeProvisioningTeam='0'>">
	<IDEDistributionContext: 0xc079b3200; archive = "<IDEArchive: 0xc24e77db0>", distributionMethod="<IDEDistributionMethodiOSAppStoreDistribution: 0xc22a802a0>", team="<IDEProvisioningDisambiguatableBasicTeam: 0xc0d1b28c0; teamID='G3P9A8Z2NP', teamName='James Baker', teamType='Individual', username='jbaker_00@msn.com', isFreeProvisioningTeam='0'>">
	<IDEDistributionContext: 0xc079b3480; archive = "<IDEArchive: 0xc24e77db0>", distributionMethod="<IDEDistributionMethodiOSAppStoreDistribution: 0xc22a802a0>", team="(null)">
	<IDEDistributionContext: 0xc079b2f80; archive = "<IDEArchive: 0xc24e77db0>", distributionMethod="<IDEDistributionMethodiOSAppStoreDistribution: 0xc22a802a0>", team="(null)">
	<IDEDistributionContext: 0xc079e9180; archive = "<IDEArchive: 0xc24e77db0>", distributionMethod="(null)", team="(null)">
	<IDEDistributionContext: 0xc07b9ef80; archive = "<IDEArchive: 0xc24e77db0>", distributionMethod="(null)", team="(null)">
	<IDEDistributionContext: 0xc07b9d180; archive = "<IDEArchive: 0xc24e77db0>", distributionMethod="(null)", team="(null)">
</IDEDistributionContext: 0xc079b0500>
2026-02-24 03:59:55 +0000  Running step: IDEDistributionCreateAppRecordStep with <IDEDistributionContext: 0xc079af980; archive(resolved)="<IDEArchive: 0xc24e77db0>", distributionTask(resolved)="2", distributionDestination(resolved)="2", distributionMethod(resolved)="<IDEDistributionMethodiOSAppStoreDistribution: 0xc22a802a0>", team(resolved)="<IDEProvisioningDisambiguatableBasicTeam: 0xc0d1b28c0; teamID='G3P9A8Z2NP', teamName='James Baker', teamType='Individual', username='jbaker_00@msn.com', isFreeProvisioningTeam='0'>">
	Chain (9, self inclusive):
	<IDEDistributionContext: 0xc079af980; archive = "<IDEArchive: 0xc24e77db0>", distributionMethod="<IDEDistributionMethodiOSAppStoreDistribution: 0xc22a802a0>", team="<IDEProvisioningDisambiguatableBasicTeam: 0xc0d1b28c0; teamID='G3P9A8Z2NP', teamName='James Baker', teamType='Individual', username='jbaker_00@msn.com', isFreeProvisioningTeam='0'>">
	<IDEDistributionContext: 0xc079b0500; archive = "<IDEArchive: 0xc24e77db0>", distributionMethod="<IDEDistributionMethodiOSAppStoreDistribution: 0xc22a802a0>", team="<IDEProvisioningDisambiguatableBasicTeam: 0xc0d1b28c0; teamID='G3P9A8Z2NP', teamName='James Baker', teamType='Individual', username='jbaker_00@msn.com', isFreeProvisioningTeam='0'>">
	<IDEDistributionContext: 0xc079b0a00; archive = "<IDEArchive: 0xc24e77db0>", distributionMethod="<IDEDistributionMethodiOSAppStoreDistribution: 0xc22a802a0>", team="<IDEProvisioningDisambiguatableBasicTeam: 0xc0d1b28c0; teamID='G3P9A8Z2NP', teamName='James Baker', teamType='Individual', username='jbaker_00@msn.com', isFreeProvisioningTeam='0'>">
	<IDEDistributionContext: 0xc079b3200; archive = "<IDEArchive: 0xc24e77db0>", distributionMethod="<IDEDistributionMethodiOSAppStoreDistribution: 0xc22a802a0>", team="<IDEProvisioningDisambiguatableBasicTeam: 0xc0d1b28c0; teamID='G3P9A8Z2NP', teamName='James Baker', teamType='Individual', username='jbaker_00@msn.com', isFreeProvisioningTeam='0'>">
	<IDEDistributionContext: 0xc079b3480; archive = "<IDEArchive: 0xc24e77db0>", distributionMethod="<IDEDistributionMethodiOSAppStoreDistribution: 0xc22a802a0>", team="(null)">
	<IDEDistributionContext: 0xc079b2f80; archive = "<IDEArchive: 0xc24e77db0>", distributionMethod="<IDEDistributionMethodiOSAppStoreDistribution: 0xc22a802a0>", team="(null)">
	<IDEDistributionContext: 0xc079e9180; archive = "<IDEArchive: 0xc24e77db0>", distributionMethod="(null)", team="(null)">
	<IDEDistributionContext: 0xc07b9ef80; archive = "<IDEArchive: 0xc24e77db0>", distributionMethod="(null)", team="(null)">
	<IDEDistributionContext: 0xc07b9d180; archive = "<IDEArchive: 0xc24e77db0>", distributionMethod="(null)", team="(null)">
</IDEDistributionContext: 0xc079af980>
2026-02-24 03:59:55 +0000  Running step: IDEDistributionAnalyzeVersionStep with <IDEDistributionContext: 0xc07bb6f80; archive(resolved)="<IDEArchive: 0xc24e77db0>", distributionTask(resolved)="2", distributionDestination(resolved)="2", distributionMethod(resolved)="<IDEDistributionMethodiOSAppStoreDistribution: 0xc22a802a0>", team(resolved)="<IDEProvisioningDisambiguatableBasicTeam: 0xc0d1b28c0; teamID='G3P9A8Z2NP', teamName='James Baker', teamType='Individual', username='jbaker_00@msn.com', isFreeProvisioningTeam='0'>">
	Chain (10, self inclusive):
	<IDEDistributionContext: 0xc07bb6f80; archive = "<IDEArchive: 0xc24e77db0>", distributionMethod="<IDEDistributionMethodiOSAppStoreDistribution: 0xc22a802a0>", team="<IDEProvisioningDisambiguatableBasicTeam: 0xc0d1b28c0; teamID='G3P9A8Z2NP', teamName='James Baker', teamType='Individual', username='jbaker_00@msn.com', isFreeProvisioningTeam='0'>">
	<IDEDistributionContext: 0xc079af980; archive = "<IDEArchive: 0xc24e77db0>", distributionMethod="<IDEDistributionMethodiOSAppStoreDistribution: 0xc22a802a0>", team="<IDEProvisioningDisambiguatableBasicTeam: 0xc0d1b28c0; teamID='G3P9A8Z2NP', teamName='James Baker', teamType='Individual', username='jbaker_00@msn.com', isFreeProvisioningTeam='0'>">
	<IDEDistributionContext: 0xc079b0500; archive = "<IDEArchive: 0xc24e77db0>", distributionMethod="<IDEDistributionMethodiOSAppStoreDistribution: 0xc22a802a0>", team="<IDEProvisioningDisambiguatableBasicTeam: 0xc0d1b28c0; teamID='G3P9A8Z2NP', teamName='James Baker', teamType='Individual', username='jbaker_00@msn.com', isFreeProvisioningTeam='0'>">
	<IDEDistributionContext: 0xc079b0a00; archive = "<IDEArchive: 0xc24e77db0>", distributionMethod="<IDEDistributionMethodiOSAppStoreDistribution: 0xc22a802a0>", team="<IDEProvisioningDisambiguatableBasicTeam: 0xc0d1b28c0; teamID='G3P9A8Z2NP', teamName='James Baker', teamType='Individual', username='jbaker_00@msn.com', isFreeProvisioningTeam='0'>">
	<IDEDistributionContext: 0xc079b3200; archive = "<IDEArchive: 0xc24e77db0>", distributionMethod="<IDEDistributionMethodiOSAppStoreDistribution: 0xc22a802a0>", team="<IDEProvisioningDisambiguatableBasicTeam: 0xc0d1b28c0; teamID='G3P9A8Z2NP', teamName='James Baker', teamType='Individual', username='jbaker_00@msn.com', isFreeProvisioningTeam='0'>">
	<IDEDistributionContext: 0xc079b3480; archive = "<IDEArchive: 0xc24e77db0>", distributionMethod="<IDEDistributionMethodiOSAppStoreDistribution: 0xc22a802a0>", team="(null)">
	<IDEDistributionContext: 0xc079b2f80; archive = "<IDEArchive: 0xc24e77db0>", distributionMethod="<IDEDistributionMethodiOSAppStoreDistribution: 0xc22a802a0>", team="(null)">
	<IDEDistributionContext: 0xc079e9180; archive = "<IDEArchive: 0xc24e77db0>", distributionMethod="(null)", team="(null)">
	<IDEDistributionContext: 0xc07b9ef80; archive = "<IDEArchive: 0xc24e77db0>", distributionMethod="(null)", team="(null)">
	<IDEDistributionContext: 0xc07b9d180; archive = "<IDEArchive: 0xc24e77db0>", distributionMethod="(null)", team="(null)">
</IDEDistributionContext: 0xc07bb6f80>
2026-02-24 03:59:55 +0000  Found build number for app record.
2026-02-24 03:59:55 +0000  Running step: IDEDistributionOptionsStep with <IDEDistributionContext: 0xc07b9e800; archive(resolved)="<IDEArchive: 0xc24e77db0>", distributionTask(resolved)="2", distributionDestination(resolved)="2", distributionMethod(resolved)="<IDEDistributionMethodiOSAppStoreDistribution: 0xc22a802a0>", team(resolved)="<IDEProvisioningDisambiguatableBasicTeam: 0xc0d1b28c0; teamID='G3P9A8Z2NP', teamName='James Baker', teamType='Individual', username='jbaker_00@msn.com', isFreeProvisioningTeam='0'>">
	Chain (11, self inclusive):
	<IDEDistributionContext: 0xc07b9e800; archive = "<IDEArchive: 0xc24e77db0>", distributionMethod="<IDEDistributionMethodiOSAppStoreDistribution: 0xc22a802a0>", team="<IDEProvisioningDisambiguatableBasicTeam: 0xc0d1b28c0; teamID='G3P9A8Z2NP', teamName='James Baker', teamType='Individual', username='jbaker_00@msn.com', isFreeProvisioningTeam='0'>">
	<IDEDistributionContext: 0xc07bb6f80; archive = "<IDEArchive: 0xc24e77db0>", distributionMethod="<IDEDistributionMethodiOSAppStoreDistribution: 0xc22a802a0>", team="<IDEProvisioningDisambiguatableBasicTeam: 0xc0d1b28c0; teamID='G3P9A8Z2NP', teamName='James Baker', teamType='Individual', username='jbaker_00@msn.com', isFreeProvisioningTeam='0'>">
	<IDEDistributionContext: 0xc079af980; archive = "<IDEArchive: 0xc24e77db0>", distributionMethod="<IDEDistributionMethodiOSAppStoreDistribution: 0xc22a802a0>", team="<IDEProvisioningDisambiguatableBasicTeam: 0xc0d1b28c0; teamID='G3P9A8Z2NP', teamName='James Baker', teamType='Individual', username='jbaker_00@msn.com', isFreeProvisioningTeam='0'>">
	<IDEDistributionContext: 0xc079b0500; archive = "<IDEArchive: 0xc24e77db0>", distributionMethod="<IDEDistributionMethodiOSAppStoreDistribution: 0xc22a802a0>", team="<IDEProvisioningDisambiguatableBasicTeam: 0xc0d1b28c0; teamID='G3P9A8Z2NP', teamName='James Baker', teamType='Individual', username='jbaker_00@msn.com', isFreeProvisioningTeam='0'>">
	<IDEDistributionContext: 0xc079b0a00; archive = "<IDEArchive: 0xc24e77db0>", distributionMethod="<IDEDistributionMethodiOSAppStoreDistribution: 0xc22a802a0>", team="<IDEProvisioningDisambiguatableBasicTeam: 0xc0d1b28c0; teamID='G3P9A8Z2NP', teamName='James Baker', teamType='Individual', username='jbaker_00@msn.com', isFreeProvisioningTeam='0'>">
	<IDEDistributionContext: 0xc079b3200; archive = "<IDEArchive: 0xc24e77db0>", distributionMethod="<IDEDistributionMethodiOSAppStoreDistribution: 0xc22a802a0>", team="<IDEProvisioningDisambiguatableBasicTeam: 0xc0d1b28c0; teamID='G3P9A8Z2NP', teamName='James Baker', teamType='Individual', username='jbaker_00@msn.com', isFreeProvisioningTeam='0'>">
	<IDEDistributionContext: 0xc079b3480; archive = "<IDEArchive: 0xc24e77db0>", distributionMethod="<IDEDistributionMethodiOSAppStoreDistribution: 0xc22a802a0>", team="(null)">
	<IDEDistributionContext: 0xc079b2f80; archive = "<IDEArchive: 0xc24e77db0>", distributionMethod="<IDEDistributionMethodiOSAppStoreDistribution: 0xc22a802a0>", team="(null)">
	<IDEDistributionContext: 0xc079e9180; archive = "<IDEArchive: 0xc24e77db0>", distributionMethod="(null)", team="(null)">
	<IDEDistributionContext: 0xc07b9ef80; archive = "<IDEArchive: 0xc24e77db0>", distributionMethod="(null)", team="(null)">
	<IDEDistributionContext: 0xc07b9d180; archive = "<IDEArchive: 0xc24e77db0>", distributionMethod="(null)", team="(null)">
</IDEDistributionContext: 0xc07b9e800>
2026-02-24 03:59:55 +0000  Running step: IDEDistributionSigningMethodStep with <IDEDistributionContext: 0xc079d4000; archive(resolved)="<IDEArchive: 0xc24e77db0>", distributionTask(resolved)="2", distributionDestination(resolved)="2", distributionMethod(resolved)="<IDEDistributionMethodiOSAppStoreDistribution: 0xc22a802a0>", team(resolved)="<IDEProvisioningDisambiguatableBasicTeam: 0xc0d1b28c0; teamID='G3P9A8Z2NP', teamName='James Baker', teamType='Individual', username='jbaker_00@msn.com', isFreeProvisioningTeam='0'>">
	Chain (12, self inclusive):
	<IDEDistributionContext: 0xc079d4000; archive = "<IDEArchive: 0xc24e77db0>", distributionMethod="<IDEDistributionMethodiOSAppStoreDistribution: 0xc22a802a0>", team="<IDEProvisioningDisambiguatableBasicTeam: 0xc0d1b28c0; teamID='G3P9A8Z2NP', teamName='James Baker', teamType='Individual', username='jbaker_00@msn.com', isFreeProvisioningTeam='0'>">
	<IDEDistributionContext: 0xc07b9e800; archive = "<IDEArchive: 0xc24e77db0>", distributionMethod="<IDEDistributionMethodiOSAppStoreDistribution: 0xc22a802a0>", team="<IDEProvisioningDisambiguatableBasicTeam: 0xc0d1b28c0; teamID='G3P9A8Z2NP', teamName='James Baker', teamType='Individual', username='jbaker_00@msn.com', isFreeProvisioningTeam='0'>">
	<IDEDistributionContext: 0xc07bb6f80; archive = "<IDEArchive: 0xc24e77db0>", distributionMethod="<IDEDistributionMethodiOSAppStoreDistribution: 0xc22a802a0>", team="<IDEProvisioningDisambiguatableBasicTeam: 0xc0d1b28c0; teamID='G3P9A8Z2NP', teamName='James Baker', teamType='Individual', username='jbaker_00@msn.com', isFreeProvisioningTeam='0'>">
	<IDEDistributionContext: 0xc079af980; archive = "<IDEArchive: 0xc24e77db0>", distributionMethod="<IDEDistributionMethodiOSAppStoreDistribution: 0xc22a802a0>", team="<IDEProvisioningDisambiguatableBasicTeam: 0xc0d1b28c0; teamID='G3P9A8Z2NP', teamName='James Baker', teamType='Individual', username='jbaker_00@msn.com', isFreeProvisioningTeam='0'>">
	<IDEDistributionContext: 0xc079b0500; archive = "<IDEArchive: 0xc24e77db0>", distributionMethod="<IDEDistributionMethodiOSAppStoreDistribution: 0xc22a802a0>", team="<IDEProvisioningDisambiguatableBasicTeam: 0xc0d1b28c0; teamID='G3P9A8Z2NP', teamName='James Baker', teamType='Individual', username='jbaker_00@msn.com', isFreeProvisioningTeam='0'>">
	<IDEDistributionContext: 0xc079b0a00; archive = "<IDEArchive: 0xc24e77db0>", distributionMethod="<IDEDistributionMethodiOSAppStoreDistribution: 0xc22a802a0>", team="<IDEProvisioningDisambiguatableBasicTeam: 0xc0d1b28c0; teamID='G3P9A8Z2NP', teamName='James Baker', teamType='Individual', username='jbaker_00@msn.com', isFreeProvisioningTeam='0'>">
	<IDEDistributionContext: 0xc079b3200; archive = "<IDEArchive: 0xc24e77db0>", distributionMethod="<IDEDistributionMethodiOSAppStoreDistribution: 0xc22a802a0>", team="<IDEProvisioningDisambiguatableBasicTeam: 0xc0d1b28c0; teamID='G3P9A8Z2NP', teamName='James Baker', teamType='Individual', username='jbaker_00@msn.com', isFreeProvisioningTeam='0'>">
	<IDEDistributionContext: 0xc079b3480; archive = "<IDEArchive: 0xc24e77db0>", distributionMethod="<IDEDistributionMethodiOSAppStoreDistribution: 0xc22a802a0>", team="(null)">
	<IDEDistributionContext: 0xc079b2f80; archive = "<IDEArchive: 0xc24e77db0>", distributionMethod="<IDEDistributionMethodiOSAppStoreDistribution: 0xc22a802a0>", team="(null)">
	<IDEDistributionContext: 0xc079e9180; archive = "<IDEArchive: 0xc24e77db0>", distributionMethod="(null)", team="(null)">
	<IDEDistributionContext: 0xc07b9ef80; archive = "<IDEArchive: 0xc24e77db0>", distributionMethod="(null)", team="(null)">
	<IDEDistributionContext: 0xc07b9d180; archive = "<IDEArchive: 0xc24e77db0>", distributionMethod="(null)", team="(null)">
</IDEDistributionContext: 0xc079d4000>
2026-02-24 03:59:55 +0000  Running step: IDEDistributionSigningAssetsStep with <IDEDistributionContext: 0xc079d5e00; archive(resolved)="<IDEArchive: 0xc24e77db0>", distributionTask(resolved)="2", distributionDestination(resolved)="2", distributionMethod(resolved)="<IDEDistributionMethodiOSAppStoreDistribution: 0xc22a802a0>", team(resolved)="<IDEProvisioningDisambiguatableBasicTeam: 0xc0d1b28c0; teamID='G3P9A8Z2NP', teamName='James Baker', teamType='Individual', username='jbaker_00@msn.com', isFreeProvisioningTeam='0'>">
	Chain (13, self inclusive):
	<IDEDistributionContext: 0xc079d5e00; archive = "<IDEArchive: 0xc24e77db0>", distributionMethod="<IDEDistributionMethodiOSAppStoreDistribution: 0xc22a802a0>", team="<IDEProvisioningDisambiguatableBasicTeam: 0xc0d1b28c0; teamID='G3P9A8Z2NP', teamName='James Baker', teamType='Individual', username='jbaker_00@msn.com', isFreeProvisioningTeam='0'>">
	<IDEDistributionContext: 0xc079d4000; archive = "<IDEArchive: 0xc24e77db0>", distributionMethod="<IDEDistributionMethodiOSAppStoreDistribution: 0xc22a802a0>", team="<IDEProvisioningDisambiguatableBasicTeam: 0xc0d1b28c0; teamID='G3P9A8Z2NP', teamName='James Baker', teamType='Individual', username='jbaker_00@msn.com', isFreeProvisioningTeam='0'>">
	<IDEDistributionContext: 0xc07b9e800; archive = "<IDEArchive: 0xc24e77db0>", distributionMethod="<IDEDistributionMethodiOSAppStoreDistribution: 0xc22a802a0>", team="<IDEProvisioningDisambiguatableBasicTeam: 0xc0d1b28c0; teamID='G3P9A8Z2NP', teamName='James Baker', teamType='Individual', username='jbaker_00@msn.com', isFreeProvisioningTeam='0'>">
	<IDEDistributionContext: 0xc07bb6f80; archive = "<IDEArchive: 0xc24e77db0>", distributionMethod="<IDEDistributionMethodiOSAppStoreDistribution: 0xc22a802a0>", team="<IDEProvisioningDisambiguatableBasicTeam: 0xc0d1b28c0; teamID='G3P9A8Z2NP', teamName='James Baker', teamType='Individual', username='jbaker_00@msn.com', isFreeProvisioningTeam='0'>">
	<IDEDistributionContext: 0xc079af980; archive = "<IDEArchive: 0xc24e77db0>", distributionMethod="<IDEDistributionMethodiOSAppStoreDistribution: 0xc22a802a0>", team="<IDEProvisioningDisambiguatableBasicTeam: 0xc0d1b28c0; teamID='G3P9A8Z2NP', teamName='James Baker', teamType='Individual', username='jbaker_00@msn.com', isFreeProvisioningTeam='0'>">
	<IDEDistributionContext: 0xc079b0500; archive = "<IDEArchive: 0xc24e77db0>", distributionMethod="<IDEDistributionMethodiOSAppStoreDistribution: 0xc22a802a0>", team="<IDEProvisioningDisambiguatableBasicTeam: 0xc0d1b28c0; teamID='G3P9A8Z2NP', teamName='James Baker', teamType='Individual', username='jbaker_00@msn.com', isFreeProvisioningTeam='0'>">
	<IDEDistributionContext: 0xc079b0a00; archive = "<IDEArchive: 0xc24e77db0>", distributionMethod="<IDEDistributionMethodiOSAppStoreDistribution: 0xc22a802a0>", team="<IDEProvisioningDisambiguatableBasicTeam: 0xc0d1b28c0; teamID='G3P9A8Z2NP', teamName='James Baker', teamType='Individual', username='jbaker_00@msn.com', isFreeProvisioningTeam='0'>">
	<IDEDistributionContext: 0xc079b3200; archive = "<IDEArchive: 0xc24e77db0>", distributionMethod="<IDEDistributionMethodiOSAppStoreDistribution: 0xc22a802a0>", team="<IDEProvisioningDisambiguatableBasicTeam: 0xc0d1b28c0; teamID='G3P9A8Z2NP', teamName='James Baker', teamType='Individual', username='jbaker_00@msn.com', isFreeProvisioningTeam='0'>">
	<IDEDistributionContext: 0xc079b3480; archive = "<IDEArchive: 0xc24e77db0>", distributionMethod="<IDEDistributionMethodiOSAppStoreDistribution: 0xc22a802a0>", team="(null)">
	<IDEDistributionContext: 0xc079b2f80; archive = "<IDEArchive: 0xc24e77db0>", distributionMethod="<IDEDistributionMethodiOSAppStoreDistribution: 0xc22a802a0>", team="(null)">
	<IDEDistributionContext: 0xc079e9180; archive = "<IDEArchive: 0xc24e77db0>", distributionMethod="(null)", team="(null)">
	<IDEDistributionContext: 0xc07b9ef80; archive = "<IDEArchive: 0xc24e77db0>", distributionMethod="(null)", team="(null)">
	<IDEDistributionContext: 0xc07b9d180; archive = "<IDEArchive: 0xc24e77db0>", distributionMethod="(null)", team="(null)">
</IDEDistributionContext: 0xc079d5e00>
2026-02-24 04:00:01 +0000  Running step: IDEDistributionPackagingStep with <IDEDistributionContext: 0xc079d6f80; archive(resolved)="<IDEArchive: 0xc24e77db0>", distributionTask(resolved)="2", distributionDestination(resolved)="2", distributionMethod(resolved)="<IDEDistributionMethodiOSAppStoreDistribution: 0xc22a802a0>", team(resolved)="<IDEProvisioningDisambiguatableBasicTeam: 0xc0d1b28c0; teamID='G3P9A8Z2NP', teamName='James Baker', teamType='Individual', username='jbaker_00@msn.com', isFreeProvisioningTeam='0'>">
	Chain (14, self inclusive):
	<IDEDistributionContext: 0xc079d6f80; archive = "<IDEArchive: 0xc24e77db0>", distributionMethod="<IDEDistributionMethodiOSAppStoreDistribution: 0xc22a802a0>", team="<IDEProvisioningDisambiguatableBasicTeam: 0xc0d1b28c0; teamID='G3P9A8Z2NP', teamName='James Baker', teamType='Individual', username='jbaker_00@msn.com', isFreeProvisioningTeam='0'>">
	<IDEDistributionContext: 0xc079d5e00; archive = "<IDEArchive: 0xc24e77db0>", distributionMethod="<IDEDistributionMethodiOSAppStoreDistribution: 0xc22a802a0>", team="<IDEProvisioningDisambiguatableBasicTeam: 0xc0d1b28c0; teamID='G3P9A8Z2NP', teamName='James Baker', teamType='Individual', username='jbaker_00@msn.com', isFreeProvisioningTeam='0'>">
	<IDEDistributionContext: 0xc079d4000; archive = "<IDEArchive: 0xc24e77db0>", distributionMethod="<IDEDistributionMethodiOSAppStoreDistribution: 0xc22a802a0>", team="<IDEProvisioningDisambiguatableBasicTeam: 0xc0d1b28c0; teamID='G3P9A8Z2NP', teamName='James Baker', teamType='Individual', username='jbaker_00@msn.com', isFreeProvisioningTeam='0'>">
	<IDEDistributionContext: 0xc07b9e800; archive = "<IDEArchive: 0xc24e77db0>", distributionMethod="<IDEDistributionMethodiOSAppStoreDistribution: 0xc22a802a0>", team="<IDEProvisioningDisambiguatableBasicTeam: 0xc0d1b28c0; teamID='G3P9A8Z2NP', teamName='James Baker', teamType='Individual', username='jbaker_00@msn.com', isFreeProvisioningTeam='0'>">
	<IDEDistributionContext: 0xc07bb6f80; archive = "<IDEArchive: 0xc24e77db0>", distributionMethod="<IDEDistributionMethodiOSAppStoreDistribution: 0xc22a802a0>", team="<IDEProvisioningDisambiguatableBasicTeam: 0xc0d1b28c0; teamID='G3P9A8Z2NP', teamName='James Baker', teamType='Individual', username='jbaker_00@msn.com', isFreeProvisioningTeam='0'>">
	<IDEDistributionContext: 0xc079af980; archive = "<IDEArchive: 0xc24e77db0>", distributionMethod="<IDEDistributionMethodiOSAppStoreDistribution: 0xc22a802a0>", team="<IDEProvisioningDisambiguatableBasicTeam: 0xc0d1b28c0; teamID='G3P9A8Z2NP', teamName='James Baker', teamType='Individual', username='jbaker_00@msn.com', isFreeProvisioningTeam='0'>">
	<IDEDistributionContext: 0xc079b0500; archive = "<IDEArchive: 0xc24e77db0>", distributionMethod="<IDEDistributionMethodiOSAppStoreDistribution: 0xc22a802a0>", team="<IDEProvisioningDisambiguatableBasicTeam: 0xc0d1b28c0; teamID='G3P9A8Z2NP', teamName='James Baker', teamType='Individual', username='jbaker_00@msn.com', isFreeProvisioningTeam='0'>">
	<IDEDistributionContext: 0xc079b0a00; archive = "<IDEArchive: 0xc24e77db0>", distributionMethod="<IDEDistributionMethodiOSAppStoreDistribution: 0xc22a802a0>", team="<IDEProvisioningDisambiguatableBasicTeam: 0xc0d1b28c0; teamID='G3P9A8Z2NP', teamName='James Baker', teamType='Individual', username='jbaker_00@msn.com', isFreeProvisioningTeam='0'>">
	<IDEDistributionContext: 0xc079b3200; archive = "<IDEArchive: 0xc24e77db0>", distributionMethod="<IDEDistributionMethodiOSAppStoreDistribution: 0xc22a802a0>", team="<IDEProvisioningDisambiguatableBasicTeam: 0xc0d1b28c0; teamID='G3P9A8Z2NP', teamName='James Baker', teamType='Individual', username='jbaker_00@msn.com', isFreeProvisioningTeam='0'>">
	<IDEDistributionContext: 0xc079b3480; archive = "<IDEArchive: 0xc24e77db0>", distributionMethod="<IDEDistributionMethodiOSAppStoreDistribution: 0xc22a802a0>", team="(null)">
	<IDEDistributionContext: 0xc079b2f80; archive = "<IDEArchive: 0xc24e77db0>", distributionMethod="<IDEDistributionMethodiOSAppStoreDistribution: 0xc22a802a0>", team="(null)">
	<IDEDistributionContext: 0xc079e9180; archive = "<IDEArchive: 0xc24e77db0>", distributionMethod="(null)", team="(null)">
	<IDEDistributionContext: 0xc07b9ef80; archive = "<IDEArchive: 0xc24e77db0>", distributionMethod="(null)", team="(null)">
	<IDEDistributionContext: 0xc07b9d180; archive = "<IDEArchive: 0xc24e77db0>", distributionMethod="(null)", team="(null)">
</IDEDistributionContext: 0xc079d6f80>
2026-02-24 04:00:11 +0000  Running step: IDEDistributionSummaryStep with <IDEDistributionContext: 0xc079d5180; archive(resolved)="<IDEArchive: 0xc24e77db0>", distributionTask(resolved)="2", distributionDestination(resolved)="2", distributionMethod(resolved)="<IDEDistributionMethodiOSAppStoreDistribution: 0xc22a802a0>", team(resolved)="<IDEProvisioningDisambiguatableBasicTeam: 0xc0d1b28c0; teamID='G3P9A8Z2NP', teamName='James Baker', teamType='Individual', username='jbaker_00@msn.com', isFreeProvisioningTeam='0'>">
	Chain (15, self inclusive):
	<IDEDistributionContext: 0xc079d5180; archive = "<IDEArchive: 0xc24e77db0>", distributionMethod="<IDEDistributionMethodiOSAppStoreDistribution: 0xc22a802a0>", team="<IDEProvisioningDisambiguatableBasicTeam: 0xc0d1b28c0; teamID='G3P9A8Z2NP', teamName='James Baker', teamType='Individual', username='jbaker_00@msn.com', isFreeProvisioningTeam='0'>">
	<IDEDistributionContext: 0xc079d6f80; archive = "<IDEArchive: 0xc24e77db0>", distributionMethod="<IDEDistributionMethodiOSAppStoreDistribution: 0xc22a802a0>", team="<IDEProvisioningDisambiguatableBasicTeam: 0xc0d1b28c0; teamID='G3P9A8Z2NP', teamName='James Baker', teamType='Individual', username='jbaker_00@msn.com', isFreeProvisioningTeam='0'>">
	<IDEDistributionContext: 0xc079d5e00; archive = "<IDEArchive: 0xc24e77db0>", distributionMethod="<IDEDistributionMethodiOSAppStoreDistribution: 0xc22a802a0>", team="<IDEProvisioningDisambiguatableBasicTeam: 0xc0d1b28c0; teamID='G3P9A8Z2NP', teamName='James Baker', teamType='Individual', username='jbaker_00@msn.com', isFreeProvisioningTeam='0'>">
	<IDEDistributionContext: 0xc079d4000; archive = "<IDEArchive: 0xc24e77db0>", distributionMethod="<IDEDistributionMethodiOSAppStoreDistribution: 0xc22a802a0>", team="<IDEProvisioningDisambiguatableBasicTeam: 0xc0d1b28c0; teamID='G3P9A8Z2NP', teamName='James Baker', teamType='Individual', username='jbaker_00@msn.com', isFreeProvisioningTeam='0'>">
	<IDEDistributionContext: 0xc07b9e800; archive = "<IDEArchive: 0xc24e77db0>", distributionMethod="<IDEDistributionMethodiOSAppStoreDistribution: 0xc22a802a0>", team="<IDEProvisioningDisambiguatableBasicTeam: 0xc0d1b28c0; teamID='G3P9A8Z2NP', teamName='James Baker', teamType='Individual', username='jbaker_00@msn.com', isFreeProvisioningTeam='0'>">
	<IDEDistributionContext: 0xc07bb6f80; archive = "<IDEArchive: 0xc24e77db0>", distributionMethod="<IDEDistributionMethodiOSAppStoreDistribution: 0xc22a802a0>", team="<IDEProvisioningDisambiguatableBasicTeam: 0xc0d1b28c0; teamID='G3P9A8Z2NP', teamName='James Baker', teamType='Individual', username='jbaker_00@msn.com', isFreeProvisioningTeam='0'>">
	<IDEDistributionContext: 0xc079af980; archive = "<IDEArchive: 0xc24e77db0>", distributionMethod="<IDEDistributionMethodiOSAppStoreDistribution: 0xc22a802a0>", team="<IDEProvisioningDisambiguatableBasicTeam: 0xc0d1b28c0; teamID='G3P9A8Z2NP', teamName='James Baker', teamType='Individual', username='jbaker_00@msn.com', isFreeProvisioningTeam='0'>">
	<IDEDistributionContext: 0xc079b0500; archive = "<IDEArchive: 0xc24e77db0>", distributionMethod="<IDEDistributionMethodiOSAppStoreDistribution: 0xc22a802a0>", team="<IDEProvisioningDisambiguatableBasicTeam: 0xc0d1b28c0; teamID='G3P9A8Z2NP', teamName='James Baker', teamType='Individual', username='jbaker_00@msn.com', isFreeProvisioningTeam='0'>">
	<IDEDistributionContext: 0xc079b0a00; archive = "<IDEArchive: 0xc24e77db0>", distributionMethod="<IDEDistributionMethodiOSAppStoreDistribution: 0xc22a802a0>", team="<IDEProvisioningDisambiguatableBasicTeam: 0xc0d1b28c0; teamID='G3P9A8Z2NP', teamName='James Baker', teamType='Individual', username='jbaker_00@msn.com', isFreeProvisioningTeam='0'>">
	<IDEDistributionContext: 0xc079b3200; archive = "<IDEArchive: 0xc24e77db0>", distributionMethod="<IDEDistributionMethodiOSAppStoreDistribution: 0xc22a802a0>", team="<IDEProvisioningDisambiguatableBasicTeam: 0xc0d1b28c0; teamID='G3P9A8Z2NP', teamName='James Baker', teamType='Individual', username='jbaker_00@msn.com', isFreeProvisioningTeam='0'>">
	<IDEDistributionContext: 0xc079b3480; archive = "<IDEArchive: 0xc24e77db0>", distributionMethod="<IDEDistributionMethodiOSAppStoreDistribution: 0xc22a802a0>", team="(null)">
	<IDEDistributionContext: 0xc079b2f80; archive = "<IDEArchive: 0xc24e77db0>", distributionMethod="<IDEDistributionMethodiOSAppStoreDistribution: 0xc22a802a0>", team="(null)">
	<IDEDistributionContext: 0xc079e9180; archive = "<IDEArchive: 0xc24e77db0>", distributionMethod="(null)", team="(null)">
	<IDEDistributionContext: 0xc07b9ef80; archive = "<IDEArchive: 0xc24e77db0>", distributionMethod="(null)", team="(null)">
	<IDEDistributionContext: 0xc07b9d180; archive = "<IDEArchive: 0xc24e77db0>", distributionMethod="(null)", team="(null)">
</IDEDistributionContext: 0xc079d5180>
2026-02-24 04:00:11 +0000  Running step: IDEDistributionUploadStep with <IDEDistributionContext: 0xc079bb200; archive(resolved)="<IDEArchive: 0xc24e77db0>", distributionTask(resolved)="2", distributionDestination(resolved)="2", distributionMethod(resolved)="<IDEDistributionMethodiOSAppStoreDistribution: 0xc22a802a0>", team(resolved)="<IDEProvisioningDisambiguatableBasicTeam: 0xc0d1b28c0; teamID='G3P9A8Z2NP', teamName='James Baker', teamType='Individual', username='jbaker_00@msn.com', isFreeProvisioningTeam='0'>">
	Chain (16, self inclusive):
	<IDEDistributionContext: 0xc079bb200; archive = "<IDEArchive: 0xc24e77db0>", distributionMethod="<IDEDistributionMethodiOSAppStoreDistribution: 0xc22a802a0>", team="<IDEProvisioningDisambiguatableBasicTeam: 0xc0d1b28c0; teamID='G3P9A8Z2NP', teamName='James Baker', teamType='Individual', username='jbaker_00@msn.com', isFreeProvisioningTeam='0'>">
	<IDEDistributionContext: 0xc079d5180; archive = "<IDEArchive: 0xc24e77db0>", distributionMethod="<IDEDistributionMethodiOSAppStoreDistribution: 0xc22a802a0>", team="<IDEProvisioningDisambiguatableBasicTeam: 0xc0d1b28c0; teamID='G3P9A8Z2NP', teamName='James Baker', teamType='Individual', username='jbaker_00@msn.com', isFreeProvisioningTeam='0'>">
	<IDEDistributionContext: 0xc079d6f80; archive = "<IDEArchive: 0xc24e77db0>", distributionMethod="<IDEDistributionMethodiOSAppStoreDistribution: 0xc22a802a0>", team="<IDEProvisioningDisambiguatableBasicTeam: 0xc0d1b28c0; teamID='G3P9A8Z2NP', teamName='James Baker', teamType='Individual', username='jbaker_00@msn.com', isFreeProvisioningTeam='0'>">
	<IDEDistributionContext: 0xc079d5e00; archive = "<IDEArchive: 0xc24e77db0>", distributionMethod="<IDEDistributionMethodiOSAppStoreDistribution: 0xc22a802a0>", team="<IDEProvisioningDisambiguatableBasicTeam: 0xc0d1b28c0; teamID='G3P9A8Z2NP', teamName='James Baker', teamType='Individual', username='jbaker_00@msn.com', isFreeProvisioningTeam='0'>">
	<IDEDistributionContext: 0xc079d4000; archive = "<IDEArchive: 0xc24e77db0>", distributionMethod="<IDEDistributionMethodiOSAppStoreDistribution: 0xc22a802a0>", team="<IDEProvisioningDisambiguatableBasicTeam: 0xc0d1b28c0; teamID='G3P9A8Z2NP', teamName='James Baker', teamType='Individual', username='jbaker_00@msn.com', isFreeProvisioningTeam='0'>">
	<IDEDistributionContext: 0xc07b9e800; archive = "<IDEArchive: 0xc24e77db0>", distributionMethod="<IDEDistributionMethodiOSAppStoreDistribution: 0xc22a802a0>", team="<IDEProvisioningDisambiguatableBasicTeam: 0xc0d1b28c0; teamID='G3P9A8Z2NP', teamName='James Baker', teamType='Individual', username='jbaker_00@msn.com', isFreeProvisioningTeam='0'>">
	<IDEDistributionContext: 0xc07bb6f80; archive = "<IDEArchive: 0xc24e77db0>", distributionMethod="<IDEDistributionMethodiOSAppStoreDistribution: 0xc22a802a0>", team="<IDEProvisioningDisambiguatableBasicTeam: 0xc0d1b28c0; teamID='G3P9A8Z2NP', teamName='James Baker', teamType='Individual', username='jbaker_00@msn.com', isFreeProvisioningTeam='0'>">
	<IDEDistributionContext: 0xc079af980; archive = "<IDEArchive: 0xc24e77db0>", distributionMethod="<IDEDistributionMethodiOSAppStoreDistribution: 0xc22a802a0>", team="<IDEProvisioningDisambiguatableBasicTeam: 0xc0d1b28c0; teamID='G3P9A8Z2NP', teamName='James Baker', teamType='Individual', username='jbaker_00@msn.com', isFreeProvisioningTeam='0'>">
	<IDEDistributionContext: 0xc079b0500; archive = "<IDEArchive: 0xc24e77db0>", distributionMethod="<IDEDistributionMethodiOSAppStoreDistribution: 0xc22a802a0>", team="<IDEProvisioningDisambiguatableBasicTeam: 0xc0d1b28c0; teamID='G3P9A8Z2NP', teamName='James Baker', teamType='Individual', username='jbaker_00@msn.com', isFreeProvisioningTeam='0'>">
	<IDEDistributionContext: 0xc079b0a00; archive = "<IDEArchive: 0xc24e77db0>", distributionMethod="<IDEDistributionMethodiOSAppStoreDistribution: 0xc22a802a0>", team="<IDEProvisioningDisambiguatableBasicTeam: 0xc0d1b28c0; teamID='G3P9A8Z2NP', teamName='James Baker', teamType='Individual', username='jbaker_00@msn.com', isFreeProvisioningTeam='0'>">
	<IDEDistributionContext: 0xc079b3200; archive = "<IDEArchive: 0xc24e77db0>", distributionMethod="<IDEDistributionMethodiOSAppStoreDistribution: 0xc22a802a0>", team="<IDEProvisioningDisambiguatableBasicTeam: 0xc0d1b28c0; teamID='G3P9A8Z2NP', teamName='James Baker', teamType='Individual', username='jbaker_00@msn.com', isFreeProvisioningTeam='0'>">
	<IDEDistributionContext: 0xc079b3480; archive = "<IDEArchive: 0xc24e77db0>", distributionMethod="<IDEDistributionMethodiOSAppStoreDistribution: 0xc22a802a0>", team="(null)">
	<IDEDistributionContext: 0xc079b2f80; archive = "<IDEArchive: 0xc24e77db0>", distributionMethod="<IDEDistributionMethodiOSAppStoreDistribution: 0xc22a802a0>", team="(null)">
	<IDEDistributionContext: 0xc079e9180; archive = "<IDEArchive: 0xc24e77db0>", distributionMethod="(null)", team="(null)">
	<IDEDistributionContext: 0xc07b9ef80; archive = "<IDEArchive: 0xc24e77db0>", distributionMethod="(null)", team="(null)">
	<IDEDistributionContext: 0xc07b9d180; archive = "<IDEArchive: 0xc24e77db0>", distributionMethod="(null)", team="(null)">
</IDEDistributionContext: 0xc079bb200>
2026-02-24 04:00:57 +0000  Running step: IDEDistributionResultStep with <IDEDistributionContext: 0xc079bb700; archive(resolved)="<IDEArchive: 0xc24e77db0>", distributionTask(resolved)="2", distributionDestination(resolved)="2", distributionMethod(resolved)="<IDEDistributionMethodiOSAppStoreDistribution: 0xc22a802a0>", team(resolved)="<IDEProvisioningDisambiguatableBasicTeam: 0xc0d1b28c0; teamID='G3P9A8Z2NP', teamName='James Baker', teamType='Individual', username='jbaker_00@msn.com', isFreeProvisioningTeam='0'>">
	Chain (17, self inclusive):
	<IDEDistributionContext: 0xc079bb700; archive = "<IDEArchive: 0xc24e77db0>", distributionMethod="<IDEDistributionMethodiOSAppStoreDistribution: 0xc22a802a0>", team="<IDEProvisioningDisambiguatableBasicTeam: 0xc0d1b28c0; teamID='G3P9A8Z2NP', teamName='James Baker', teamType='Individual', username='jbaker_00@msn.com', isFreeProvisioningTeam='0'>">
	<IDEDistributionContext: 0xc079bb200; archive = "<IDEArchive: 0xc24e77db0>", distributionMethod="<IDEDistributionMethodiOSAppStoreDistribution: 0xc22a802a0>", team="<IDEProvisioningDisambiguatableBasicTeam: 0xc0d1b28c0; teamID='G3P9A8Z2NP', teamName='James Baker', teamType='Individual', username='jbaker_00@msn.com', isFreeProvisioningTeam='0'>">
	<IDEDistributionContext: 0xc079d5180; archive = "<IDEArchive: 0xc24e77db0>", distributionMethod="<IDEDistributionMethodiOSAppStoreDistribution: 0xc22a802a0>", team="<IDEProvisioningDisambiguatableBasicTeam: 0xc0d1b28c0; teamID='G3P9A8Z2NP', teamName='James Baker', teamType='Individual', username='jbaker_00@msn.com', isFreeProvisioningTeam='0'>">
	<IDEDistributionContext: 0xc079d6f80; archive = "<IDEArchive: 0xc24e77db0>", distributionMethod="<IDEDistributionMethodiOSAppStoreDistribution: 0xc22a802a0>", team="<IDEProvisioningDisambiguatableBasicTeam: 0xc0d1b28c0; teamID='G3P9A8Z2NP', teamName='James Baker', teamType='Individual', username='jbaker_00@msn.com', isFreeProvisioningTeam='0'>">
	<IDEDistributionContext: 0xc079d5e00; archive = "<IDEArchive: 0xc24e77db0>", distributionMethod="<IDEDistributionMethodiOSAppStoreDistribution: 0xc22a802a0>", team="<IDEProvisioningDisambiguatableBasicTeam: 0xc0d1b28c0; teamID='G3P9A8Z2NP', teamName='James Baker', teamType='Individual', username='jbaker_00@msn.com', isFreeProvisioningTeam='0'>">
	<IDEDistributionContext: 0xc079d4000; archive = "<IDEArchive: 0xc24e77db0>", distributionMethod="<IDEDistributionMethodiOSAppStoreDistribution: 0xc22a802a0>", team="<IDEProvisioningDisambiguatableBasicTeam: 0xc0d1b28c0; teamID='G3P9A8Z2NP', teamName='James Baker', teamType='Individual', username='jbaker_00@msn.com', isFreeProvisioningTeam='0'>">
	<IDEDistributionContext: 0xc07b9e800; archive = "<IDEArchive: 0xc24e77db0>", distributionMethod="<IDEDistributionMethodiOSAppStoreDistribution: 0xc22a802a0>", team="<IDEProvisioningDisambiguatableBasicTeam: 0xc0d1b28c0; teamID='G3P9A8Z2NP', teamName='James Baker', teamType='Individual', username='jbaker_00@msn.com', isFreeProvisioningTeam='0'>">
	<IDEDistributionContext: 0xc07bb6f80; archive = "<IDEArchive: 0xc24e77db0>", distributionMethod="<IDEDistributionMethodiOSAppStoreDistribution: 0xc22a802a0>", team="<IDEProvisioningDisambiguatableBasicTeam: 0xc0d1b28c0; teamID='G3P9A8Z2NP', teamName='James Baker', teamType='Individual', username='jbaker_00@msn.com', isFreeProvisioningTeam='0'>">
	<IDEDistributionContext: 0xc079af980; archive = "<IDEArchive: 0xc24e77db0>", distributionMethod="<IDEDistributionMethodiOSAppStoreDistribution: 0xc22a802a0>", team="<IDEProvisioningDisambiguatableBasicTeam: 0xc0d1b28c0; teamID='G3P9A8Z2NP', teamName='James Baker', teamType='Individual', username='jbaker_00@msn.com', isFreeProvisioningTeam='0'>">
	<IDEDistributionContext: 0xc079b0500; archive = "<IDEArchive: 0xc24e77db0>", distributionMethod="<IDEDistributionMethodiOSAppStoreDistribution: 0xc22a802a0>", team="<IDEProvisioningDisambiguatableBasicTeam: 0xc0d1b28c0; teamID='G3P9A8Z2NP', teamName='James Baker', teamType='Individual', username='jbaker_00@msn.com', isFreeProvisioningTeam='0'>">
	<IDEDistributionContext: 0xc079b0a00; archive = "<IDEArchive: 0xc24e77db0>", distributionMethod="<IDEDistributionMethodiOSAppStoreDistribution: 0xc22a802a0>", team="<IDEProvisioningDisambiguatableBasicTeam: 0xc0d1b28c0; teamID='G3P9A8Z2NP', teamName='James Baker', teamType='Individual', username='jbaker_00@msn.com', isFreeProvisioningTeam='0'>">
	<IDEDistributionContext: 0xc079b3200; archive = "<IDEArchive: 0xc24e77db0>", distributionMethod="<IDEDistributionMethodiOSAppStoreDistribution: 0xc22a802a0>", team="<IDEProvisioningDisambiguatableBasicTeam: 0xc0d1b28c0; teamID='G3P9A8Z2NP', teamName='James Baker', teamType='Individual', username='jbaker_00@msn.com', isFreeProvisioningTeam='0'>">
	<IDEDistributionContext: 0xc079b3480; archive = "<IDEArchive: 0xc24e77db0>", distributionMethod="<IDEDistributionMethodiOSAppStoreDistribution: 0xc22a802a0>", team="(null)">
	<IDEDistributionContext: 0xc079b2f80; archive = "<IDEArchive: 0xc24e77db0>", distributionMethod="<IDEDistributionMethodiOSAppStoreDistribution: 0xc22a802a0>", team="(null)">
	<IDEDistributionContext: 0xc079e9180; archive = "<IDEArchive: 0xc24e77db0>", distributionMethod="(null)", team="(null)">
	<IDEDistributionContext: 0xc07b9ef80; archive = "<IDEArchive: 0xc24e77db0>", distributionMethod="(null)", team="(null)">
	<IDEDistributionContext: 0xc07b9d180; archive = "<IDEArchive: 0xc24e77db0>", distributionMethod="(null)", team="(null)">
</IDEDistributionContext: 0xc079bb700>
2026-02-24 04:00:57 +0000 [MT] Proceeding to distribution step IDEDistributionResultStepViewController, context: <IDEDistributionContext: 0xc079bd400; archive(resolved)="<IDEArchive: 0xc24e77db0>", distributionTask(resolved)="2", distributionDestination(resolved)="2", distributionMethod(resolved)="<IDEDistributionMethodiOSAppStoreDistribution: 0xc22a802a0>", team(resolved)="<IDEProvisioningDisambiguatableBasicTeam: 0xc0d1b28c0; teamID='G3P9A8Z2NP', teamName='James Baker', teamType='Individual', username='jbaker_00@msn.com', isFreeProvisioningTeam='0'>">
	Chain (20, self inclusive):
	<IDEDistributionContext: 0xc079bd400; archive = "<IDEArchive: 0xc24e77db0>", distributionMethod="<IDEDistributionMethodiOSAppStoreDistribution: 0xc22a802a0>", team="<IDEProvisioningDisambiguatableBasicTeam: 0xc0d1b28c0; teamID='G3P9A8Z2NP', teamName='James Baker', teamType='Individual', username='jbaker_00@msn.com', isFreeProvisioningTeam='0'>">
	<IDEDistributionContext: 0xc079bd180; archive = "<IDEArchive: 0xc24e77db0>", distributionMethod="<IDEDistributionMethodiOSAppStoreDistribution: 0xc22a802a0>", team="<IDEProvisioningDisambiguatableBasicTeam: 0xc0d1b28c0; teamID='G3P9A8Z2NP', teamName='James Baker', teamType='Individual', username='jbaker_00@msn.com', isFreeProvisioningTeam='0'>">
	<IDEDistributionContext: 0xc07406d00; archive = "<IDEArchive: 0xc24e77db0>", distributionMethod="<IDEDistributionMethodiOSAppStoreDistribution: 0xc22a802a0>", team="<IDEProvisioningDisambiguatableBasicTeam: 0xc0d1b28c0; teamID='G3P9A8Z2NP', teamName='James Baker', teamType='Individual', username='jbaker_00@msn.com', isFreeProvisioningTeam='0'>">
	<IDEDistributionContext: 0xc079bb700; archive = "<IDEArchive: 0xc24e77db0>", distributionMethod="<IDEDistributionMethodiOSAppStoreDistribution: 0xc22a802a0>", team="<IDEProvisioningDisambiguatableBasicTeam: 0xc0d1b28c0; teamID='G3P9A8Z2NP', teamName='James Baker', teamType='Individual', username='jbaker_00@msn.com', isFreeProvisioningTeam='0'>">
	<IDEDistributionContext: 0xc079bb200; archive = "<IDEArchive: 0xc24e77db0>", distributionMethod="<IDEDistributionMethodiOSAppStoreDistribution: 0xc22a802a0>", team="<IDEProvisioningDisambiguatableBasicTeam: 0xc0d1b28c0; teamID='G3P9A8Z2NP', teamName='James Baker', teamType='Individual', username='jbaker_00@msn.com', isFreeProvisioningTeam='0'>">
	<IDEDistributionContext: 0xc079d5180; archive = "<IDEArchive: 0xc24e77db0>", distributionMethod="<IDEDistributionMethodiOSAppStoreDistribution: 0xc22a802a0>", team="<IDEProvisioningDisambiguatableBasicTeam: 0xc0d1b28c0; teamID='G3P9A8Z2NP', teamName='James Baker', teamType='Individual', username='jbaker_00@msn.com', isFreeProvisioningTeam='0'>">
	<IDEDistributionContext: 0xc079d6f80; archive = "<IDEArchive: 0xc24e77db0>", distributionMethod="<IDEDistributionMethodiOSAppStoreDistribution: 0xc22a802a0>", team="<IDEProvisioningDisambiguatableBasicTeam: 0xc0d1b28c0; teamID='G3P9A8Z2NP', teamName='James Baker', teamType='Individual', username='jbaker_00@msn.com', isFreeProvisioningTeam='0'>">
	<IDEDistributionContext: 0xc079d5e00; archive = "<IDEArchive: 0xc24e77db0>", distributionMethod="<IDEDistributionMethodiOSAppStoreDistribution: 0xc22a802a0>", team="<IDEProvisioningDisambiguatableBasicTeam: 0xc0d1b28c0; teamID='G3P9A8Z2NP', teamName='James Baker', teamType='Individual', username='jbaker_00@msn.com', isFreeProvisioningTeam='0'>">
	<IDEDistributionContext: 0xc079d4000; archive = "<IDEArchive: 0xc24e77db0>", distributionMethod="<IDEDistributionMethodiOSAppStoreDistribution: 0xc22a802a0>", team="<IDEProvisioningDisambiguatableBasicTeam: 0xc0d1b28c0; teamID='G3P9A8Z2NP', teamName='James Baker', teamType='Individual', username='jbaker_00@msn.com', isFreeProvisioningTeam='0'>">
	<IDEDistributionContext: 0xc07b9e800; archive = "<IDEArchive: 0xc24e77db0>", distributionMethod="<IDEDistributionMethodiOSAppStoreDistribution: 0xc22a802a0>", team="<IDEProvisioningDisambiguatableBasicTeam: 0xc0d1b28c0; teamID='G3P9A8Z2NP', teamName='James Baker', teamType='Individual', username='jbaker_00@msn.com', isFreeProvisioningTeam='0'>">
	<IDEDistributionContext: 0xc07bb6f80; archive = "<IDEArchive: 0xc24e77db0>", distributionMethod="<IDEDistributionMethodiOSAppStoreDistribution: 0xc22a802a0>", team="<IDEProvisioningDisambiguatableBasicTeam: 0xc0d1b28c0; teamID='G3P9A8Z2NP', teamName='James Baker', teamType='Individual', username='jbaker_00@msn.com', isFreeProvisioningTeam='0'>">
	<IDEDistributionContext: 0xc079af980; archive = "<IDEArchive: 0xc24e77db0>", distributionMethod="<IDEDistributionMethodiOSAppStoreDistribution: 0xc22a802a0>", team="<IDEProvisioningDisambiguatableBasicTeam: 0xc0d1b28c0; teamID='G3P9A8Z2NP', teamName='James Baker', teamType='Individual', username='jbaker_00@msn.com', isFreeProvisioningTeam='0'>">
	<IDEDistributionContext: 0xc079b0500; archive = "<IDEArchive: 0xc24e77db0>", distributionMethod="<IDEDistributionMethodiOSAppStoreDistribution: 0xc22a802a0>", team="<IDEProvisioningDisambiguatableBasicTeam: 0xc0d1b28c0; teamID='G3P9A8Z2NP', teamName='James Baker', teamType='Individual', username='jbaker_00@msn.com', isFreeProvisioningTeam='0'>">
	<IDEDistributionContext: 0xc079b0a00; archive = "<IDEArchive: 0xc24e77db0>", distributionMethod="<IDEDistributionMethodiOSAppStoreDistribution: 0xc22a802a0>", team="<IDEProvisioningDisambiguatableBasicTeam: 0xc0d1b28c0; teamID='G3P9A8Z2NP', teamName='James Baker', teamType='Individual', username='jbaker_00@msn.com', isFreeProvisioningTeam='0'>">
	<IDEDistributionContext: 0xc079b3200; archive = "<IDEArchive: 0xc24e77db0>", distributionMethod="<IDEDistributionMethodiOSAppStoreDistribution: 0xc22a802a0>", team="<IDEProvisioningDisambiguatableBasicTeam: 0xc0d1b28c0; teamID='G3P9A8Z2NP', teamName='James Baker', teamType='Individual', username='jbaker_00@msn.com', isFreeProvisioningTeam='0'>">
	<IDEDistributionContext: 0xc079b3480; archive = "<IDEArchive: 0xc24e77db0>", distributionMethod="<IDEDistributionMethodiOSAppStoreDistribution: 0xc22a802a0>", team="(null)">
	<IDEDistributionContext: 0xc079b2f80; archive = "<IDEArchive: 0xc24e77db0>", distributionMethod="<IDEDistributionMethodiOSAppStoreDistribution: 0xc22a802a0>", team="(null)">
	<IDEDistributionContext: 0xc079e9180; archive = "<IDEArchive: 0xc24e77db0>", distributionMethod="(null)", team="(null)">
	<IDEDistributionContext: 0xc07b9ef80; archive = "<IDEArchive: 0xc24e77db0>", distributionMethod="(null)", team="(null)">
	<IDEDistributionContext: 0xc07b9d180; archive = "<IDEArchive: 0xc24e77db0>", distributionMethod="(null)", team="(null)">
</IDEDistributionContext: 0xc079bd400>
2026-02-24 04:00:58 +0000 [MT] Upload for archive NYCBusScheduler had issues:
(
    "<IDEDistributionIssue: severity(error), error(Error Domain=ContentDelivery Code=409 \"Validation failed\" UserInfo={IDEDistributionIssueSeverity=3, NSLocalizedDescription=Validation failed, NSLocalizedRecoverySuggestion=Invalid Pre-Release Train. The train version '5.5' is closed for new build submissions (ID: f7e89ffd-5624-4347-bf07-75be696e147b)})>",
    "<IDEDistributionIssue: severity(error), error(Error Domain=ContentDelivery Code=409 \"Validation failed\" UserInfo={IDEDistributionIssueSeverity=3, NSLocalizedDescription=Validation failed, NSLocalizedRecoverySuggestion=This bundle is invalid. The value for key CFBundleShortVersionString [5.5] in the Info.plist file must contain a higher version than that of the previously approved version [5.5]. Please find more information about CFBundleShortVersionString at https://developer.apple.com/documentation/bundleresources/information_property_list/cfbundleshortversionstring (ID: 1e0a905e-2775-43f4-8275-0d151063e4e3)})>"
)
